<?xml version="1.0" encoding="UTF-8"?>
<!-- Generated by org.testng.reporters.JUnitXMLReporter -->
<testsuite ignored="0" hostname="safwan-rdp" failures="1" tests="1" name="Test Case 1" time="25.42" errors="0" timestamp="2026-03-05T13:58:59 GST">
  <testcase classname="tests.TC_002_RegistrationTest_MissingFields" name="verifyRegistrationWithMissingFields" time="13.351">
    <failure type="java.lang.AssertionError" message="Email warning message not displayed expected [true] but found [false]">
      <![CDATA[java.lang.AssertionError: Email warning message not displayed expected [true] but found [false]
at tests.TC_002_RegistrationTest_MissingFields.verifyRegistrationWithMissingFields(TC_002_RegistrationTest_MissingFields.java:31)
at java.base/java.util.ArrayList.forEach(ArrayList.java:1596)
at java.base/java.util.concurrent.FutureTask.run(FutureTask.java:317)
at java.base/java.util.concurrent.ThreadPoolExecutor.runWorker(ThreadPoolExecutor.java:1144)
at java.base/java.util.concurrent.ThreadPoolExecutor$Worker.run(ThreadPoolExecutor.java:642)
at java.base/java.lang.Thread.run(Thread.java:1583)
... Removed 18 stack frames]]>
    </failure>
  </testcase> <!-- verifyRegistrationWithMissingFields -->
</testsuite> <!-- Test Case 1 -->
