<?xml version="1.0" encoding="UTF-8"?>
<!-- Generated by org.testng.reporters.JUnitXMLReporter -->
<testsuite ignored="31" hostname="safwan-rdp" failures="0" tests="5" name="Consumer Categories Related Shows Tests" time="367.668" errors="0" timestamp="2026-04-01T13:50:28 GST">
  <testcase classname="tests.ConsumerCategoriesTests" name="verifyMoreRelatedShowsSectionVisible" time="4.213"/>
  <testcase classname="tests.ConsumerCategoriesTests" name="verifyClickingRelatedShowOpensDetails" time="14.164"/>
  <testcase classname="tests.ConsumerCategoriesTests" name="verifyBehaviorWhenNoRelatedShowsExist" time="34.611"/>
  <testcase classname="tests.ConsumerCategoriesTests" name="verifyViewAllOpensRelatedShowsPage" time="9.418"/>
  <testcase classname="tests.ConsumerCategoriesTests" name="verifyViewAllWhenRelatedListEmpty" time="29.512"/>
  <testcase classname="tests.ConsumerCategoriesTests" name="verifyReleaseDateVisible" time="0.0">
    <ignored/>
  </testcase> <!-- verifyReleaseDateVisible -->
  <testcase classname="tests.ConsumerCategoriesTests" name="verifyViewAllOpensTrendingShowsPage" time="0.0">
    <ignored/>
  </testcase> <!-- verifyViewAllOpensTrendingShowsPage -->
  <testcase classname="tests.ConsumerCategoriesTests" name="verifySystemBehaviorOnRapidClicks" time="0.0">
    <ignored/>
  </testcase> <!-- verifySystemBehaviorOnRapidClicks -->
  <testcase classname="tests.ConsumerCategoriesTests" name="verifyMostRatedSectionVisible" time="0.0">
    <ignored/>
  </testcase> <!-- verifyMostRatedSectionVisible -->
  <testcase classname="tests.ConsumerCategoriesTests" name="verifyHorizontalVerticalScrollWorksForCategories" time="0.0">
    <ignored/>
  </testcase> <!-- verifyHorizontalVerticalScrollWorksForCategories -->
  <testcase classname="tests.ConsumerCategoriesTests" name="verifyViewAllOpensFullCategoryList" time="0.0">
    <ignored/>
  </testcase> <!-- verifyViewAllOpensFullCategoryList -->
  <testcase classname="tests.ConsumerCategoriesTests" name="verifyCategoriesSectionVisible" time="0.0">
    <ignored/>
  </testcase> <!-- verifyCategoriesSectionVisible -->
  <testcase classname="tests.ConsumerCategoriesTests" name="verifyClickingCategoryOpensCategoryPage" time="0.0">
    <ignored/>
  </testcase> <!-- verifyClickingCategoryOpensCategoryPage -->
  <testcase classname="tests.ConsumerCategoriesTests" name="verifyBehaviorWhenNoTrendingShowsExist" time="0.0">
    <ignored/>
  </testcase> <!-- verifyBehaviorWhenNoTrendingShowsExist -->
  <testcase classname="tests.ConsumerCategoriesTests" name="verifyTrendingShowsSectionDisplayed" time="0.0">
    <ignored/>
  </testcase> <!-- verifyTrendingShowsSectionDisplayed -->
  <testcase classname="tests.ConsumerCategoriesTests" name="verifyBehaviorWhenNoUpcomingReleasesExist" time="0.0">
    <ignored/>
  </testcase> <!-- verifyBehaviorWhenNoUpcomingReleasesExist -->
  <testcase classname="tests.ConsumerCategoriesTests" name="verifyTrendingShowsSortedByPopularity" time="0.0">
    <ignored/>
  </testcase> <!-- verifyTrendingShowsSortedByPopularity -->
  <testcase classname="tests.ConsumerCategoriesTests" name="verifyBooksDisplayedUnderCategory" time="0.0">
    <ignored/>
  </testcase> <!-- verifyBooksDisplayedUnderCategory -->
  <testcase classname="tests.ConsumerCategoriesTests" name="verifyRatingsDisplayedCorrectly" time="0.0">
    <ignored/>
  </testcase> <!-- verifyRatingsDisplayedCorrectly -->
  <testcase classname="tests.ConsumerCategoriesTests" name="verifyAllCategoriesDisplayed" time="0.0">
    <ignored/>
  </testcase> <!-- verifyAllCategoriesDisplayed -->
  <testcase classname="tests.ConsumerCategoriesTests" name="verifyViewAllWhenNoCategoriesExist" time="0.0">
    <ignored/>
  </testcase> <!-- verifyViewAllWhenNoCategoriesExist -->
  <testcase classname="tests.ConsumerCategoriesTests" name="verifyClickingCategoryOpensCategoryContent" time="0.0">
    <ignored/>
  </testcase> <!-- verifyClickingCategoryOpensCategoryContent -->
  <testcase classname="tests.ConsumerCategoriesTests" name="verifyViewAllOpensRatedShowsPage" time="0.0">
    <ignored/>
  </testcase> <!-- verifyViewAllOpensRatedShowsPage -->
  <testcase classname="tests.ConsumerCategoriesTests" name="verifySectionsInReloadAfterRefresh" time="0.0">
    <ignored/>
  </testcase> <!-- verifySectionsInReloadAfterRefresh -->
  <testcase classname="tests.ConsumerCategoriesTests" name="verifyClickingTrendingShowOpensDetails" time="0.0">
    <ignored/>
  </testcase> <!-- verifyClickingTrendingShowOpensDetails -->
  <testcase classname="tests.ConsumerCategoriesTests" name="verifyViewAllWhenNoUpcomingReleasesExist" time="0.0">
    <ignored/>
  </testcase> <!-- verifyViewAllWhenNoUpcomingReleasesExist -->
  <testcase classname="tests.ConsumerCategoriesTests" name="verifyViewAllOpensUpcomingReleasesPage" time="0.0">
    <ignored/>
  </testcase> <!-- verifyViewAllOpensUpcomingReleasesPage -->
  <testcase classname="tests.ConsumerCategoriesTests" name="verifySectionsInLoadOnSlowNetwork" time="0.0">
    <ignored/>
  </testcase> <!-- verifySectionsInLoadOnSlowNetwork -->
  <testcase classname="tests.ConsumerCategoriesTests" name="verifySystemBehaviorWhenCategoryHasNoBooks" time="0.0">
    <ignored/>
  </testcase> <!-- verifySystemBehaviorWhenCategoryHasNoBooks -->
  <testcase classname="tests.ConsumerCategoriesTests" name="verifyUpcomingReleasesSectionVisible" time="0.0">
    <ignored/>
  </testcase> <!-- verifyUpcomingReleasesSectionVisible -->
  <testcase classname="tests.ConsumerCategoriesTests" name="verifyCategoryCardsDisplayCorrectly" time="0.0">
    <ignored/>
  </testcase> <!-- verifyCategoryCardsDisplayCorrectly -->
  <testcase classname="tests.ConsumerCategoriesTests" name="verifyViewAllWhenTrendingListEmpty" time="0.0">
    <ignored/>
  </testcase> <!-- verifyViewAllWhenTrendingListEmpty -->
  <testcase classname="tests.ConsumerCategoriesTests" name="verifyBehaviorWhenCategoryHasNoContent" time="0.0">
    <ignored/>
  </testcase> <!-- verifyBehaviorWhenCategoryHasNoContent -->
  <testcase classname="tests.ConsumerCategoriesTests" name="verifyBehaviorWhenNoRatedShowsExist" time="0.0">
    <ignored/>
  </testcase> <!-- verifyBehaviorWhenNoRatedShowsExist -->
  <testcase classname="tests.ConsumerCategoriesTests" name="verifyCategoriesSectionIsDisplayed" time="0.0">
    <ignored/>
  </testcase> <!-- verifyCategoriesSectionIsDisplayed -->
  <testcase classname="tests.ConsumerCategoriesTests" name="verifyContentRelatedToSelectedCategory" time="0.0">
    <ignored/>
  </testcase> <!-- verifyContentRelatedToSelectedCategory -->
</testsuite> <!-- Consumer Categories Related Shows Tests -->
