<?xml version="1.0" encoding="UTF-8"?>
<!-- Generated by org.testng.reporters.JUnitXMLReporter -->
<testsuite ignored="3" hostname="DESKTOP-3U0K451" failures="0" tests="1" name="Default test" time="59.45" errors="0" timestamp="2026-04-08T15:30:02 IST">
  <testcase classname="tests.RoleAccessTests" name="verifyConsumerBlockedFromCreatorUrl" time="46.749"/>
  <testcase classname="tests.RoleAccessTests" name="verifyCreatorMenuVisibleForUploader" time="0.0">
    <ignored/>
  </testcase> <!-- verifyCreatorMenuVisibleForUploader -->
  <testcase classname="tests.RoleAccessTests" name="verifyCreatorMenuNotVisibleForConsumer" time="0.0">
    <ignored/>
  </testcase> <!-- verifyCreatorMenuNotVisibleForConsumer -->
  <testcase classname="tests.RoleAccessTests" name="verifyUploaderCanAccessCreatorPage" time="0.0">
    <ignored/>
  </testcase> <!-- verifyUploaderCanAccessCreatorPage -->
</testsuite> <!-- Default test -->
