<?xml version="1.0" encoding="UTF-8"?>
<!-- Generated by org.testng.reporters.JUnitXMLReporter -->
<testsuite ignored="39" hostname="safwan-rdp" failures="1" tests="3" name="Default test" time="263.274" errors="0" timestamp="2026-04-13T17:27:29 GST">
  <testcase classname="tests.UploaderTests" name="verifyMaxFileSizeValidation" time="66.567">
    <skipped/>
  </testcase> <!-- verifyMaxFileSizeValidation -->
  <testcase classname="tests.UploaderTests" name="verifyMaxFileSizeValidation" time="97.618">
    <skipped/>
  </testcase> <!-- verifyMaxFileSizeValidation -->
  <testcase classname="tests.UploaderTests" name="verifyMaxFileSizeValidation" time="66.635">
    <failure type="java.nio.file.InvalidPathException" message="Illegal char &amp;lt;:&amp;gt; at index 58: C:\Users\safwan\eclipse-workspace\Prioritywise-TestCases\C:UserssafwanDownloadspexels-zhangkaiyv-1138369.jpg">
      <![CDATA[java.nio.file.InvalidPathException: Illegal char <:> at index 58: C:\Users\safwan\eclipse-workspace\Prioritywise-TestCases\C:UserssafwanDownloadspexels-zhangkaiyv-1138369.jpg
at java.base/sun.nio.fs.WindowsPathParser.normalize(WindowsPathParser.java:204)
at java.base/sun.nio.fs.WindowsPathParser.parse(WindowsPathParser.java:175)
at java.base/sun.nio.fs.WindowsPathParser.parse(WindowsPathParser.java:77)
at java.base/sun.nio.fs.WindowsPath.parse(WindowsPath.java:92)
at java.base/sun.nio.fs.WindowsFileSystem.getPath(WindowsFileSystem.java:231)
at java.base/java.nio.file.Path.of(Path.java:148)
at java.base/java.nio.file.Paths.get(Paths.java:69)
at tests.UploaderTests.resolveOptionalConfiguredPath(UploaderTests.java:60)
at tests.UploaderTests.resolveLargeImagePath(UploaderTests.java:99)
at tests.UploaderTests.verifyMaxFileSizeValidation(UploaderTests.java:399)
at java.base/jdk.internal.reflect.DirectMethodHandleAccessor.invoke(DirectMethodHandleAccessor.java:103)
at java.base/java.lang.reflect.Method.invoke(Method.java:580)
at org.testng.internal.invokers.MethodInvocationHelper.invokeMethod(MethodInvocationHelper.java:139)
at org.testng.internal.invokers.TestInvoker.invokeMethod(TestInvoker.java:664)
at org.testng.internal.invokers.TestInvoker.retryFailed(TestInvoker.java:249)
at org.testng.internal.invokers.MethodRunner.runInSequence(MethodRunner.java:76)
at org.testng.internal.invokers.TestInvoker$MethodInvocationAgent.invoke(TestInvoker.java:961)
at org.testng.internal.invokers.TestInvoker.invokeTestMethods(TestInvoker.java:201)
at org.testng.internal.invokers.TestMethodWorker.invokeTestMethods(TestMethodWorker.java:148)
at org.testng.internal.invokers.TestMethodWorker.run(TestMethodWorker.java:128)
at java.base/java.util.ArrayList.forEach(ArrayList.java:1596)
at org.testng.TestRunner.privateRun(TestRunner.java:819)
at org.testng.TestRunner.run(TestRunner.java:619)
at org.testng.SuiteRunner.runTest(SuiteRunner.java:443)
at org.testng.SuiteRunner.runSequentially(SuiteRunner.java:437)
at org.testng.SuiteRunner.privateRun(SuiteRunner.java:397)
at org.testng.SuiteRunner.run(SuiteRunner.java:336)
at org.testng.SuiteRunnerWorker.runSuite(SuiteRunnerWorker.java:52)
at org.testng.SuiteRunnerWorker.run(SuiteRunnerWorker.java:95)
at org.testng.TestNG.runSuitesSequentially(TestNG.java:1301)
at org.testng.TestNG.runSuitesLocally(TestNG.java:1228)
at org.testng.TestNG.runSuites(TestNG.java:1134)
at org.testng.TestNG.run(TestNG.java:1101)
at org.testng.remote.AbstractRemoteTestNG.run(AbstractRemoteTestNG.java:115)
at org.testng.remote.RemoteTestNG.initAndRun(RemoteTestNG.java:293)
at org.testng.remote.RemoteTestNG.main(RemoteTestNG.java:91)
]]>
    </failure>
  </testcase> <!-- verifyMaxFileSizeValidation -->
  <testcase classname="tests.UploaderTests" name="verifyChapterMandatoryFieldsValidation" time="0.0">
    <ignored/>
  </testcase> <!-- verifyChapterMandatoryFieldsValidation -->
  <testcase classname="tests.UploaderTests" name="verifyChapterUploadScreenOpens" time="0.0">
    <ignored/>
  </testcase> <!-- verifyChapterUploadScreenOpens -->
  <testcase classname="tests.UploaderTests" name="verifyEmptyStateNoChapters" time="0.0">
    <ignored/>
  </testcase> <!-- verifyEmptyStateNoChapters -->
  <testcase classname="tests.UploaderTests" name="verifyInvalidFileFormatValidation" time="0.0">
    <ignored/>
  </testcase> <!-- verifyInvalidFileFormatValidation -->
  <testcase classname="tests.UploaderTests" name="verifyCancelUploadAction" time="0.0">
    <ignored/>
  </testcase> <!-- verifyCancelUploadAction -->
  <testcase classname="tests.UploaderTests" name="verifyNoDuplicateChaptersInList" time="0.0">
    <ignored/>
  </testcase> <!-- verifyNoDuplicateChaptersInList -->
  <testcase classname="tests.UploaderTests" name="verifyClearFilters" time="0.0">
    <ignored/>
  </testcase> <!-- verifyClearFilters -->
  <testcase classname="tests.UploaderTests" name="verifyCoverImageUpload" time="0.0">
    <ignored/>
  </testcase> <!-- verifyCoverImageUpload -->
  <testcase classname="tests.UploaderTests" name="verifyCategoryFilter" time="0.0">
    <ignored/>
  </testcase> <!-- verifyCategoryFilter -->
  <testcase classname="tests.UploaderTests" name="verifyBookDetailsDisplay" time="0.0">
    <ignored/>
  </testcase> <!-- verifyBookDetailsDisplay -->
  <testcase classname="tests.UploaderTests" name="verifySearchBookByName" time="0.0">
    <ignored/>
  </testcase> <!-- verifySearchBookByName -->
  <testcase classname="tests.UploaderTests" name="verifyDuplicateBookUploadPrevention" time="0.0">
    <ignored/>
  </testcase> <!-- verifyDuplicateBookUploadPrevention -->
  <testcase classname="tests.UploaderTests" name="verifyChapterSequenceOrder" time="0.0">
    <ignored/>
  </testcase> <!-- verifyChapterSequenceOrder -->
  <testcase classname="tests.UploaderTests" name="verifySortingBooks" time="0.0">
    <ignored/>
  </testcase> <!-- verifySortingBooks -->
  <testcase classname="tests.UploaderTests" name="verifyLanguageFilter" time="0.0">
    <ignored/>
  </testcase> <!-- verifyLanguageFilter -->
  <testcase classname="tests.UploaderTests" name="verifyChaptersListDisplayed" time="0.0">
    <ignored/>
  </testcase> <!-- verifyChaptersListDisplayed -->
  <testcase classname="tests.UploaderTests" name="verifyMultipleFilters" time="0.0">
    <ignored/>
  </testcase> <!-- verifyMultipleFilters -->
  <testcase classname="tests.UploaderTests" name="verifyChapterMaxFileSizeValidation" time="0.0">
    <ignored/>
  </testcase> <!-- verifyChapterMaxFileSizeValidation -->
  <testcase classname="tests.UploaderTests" name="verifyChapterDetails" time="0.0">
    <ignored/>
  </testcase> <!-- verifyChapterDetails -->
  <testcase classname="tests.UploaderTests" name="verifySpecialCharactersInTitle" time="0.0">
    <ignored/>
  </testcase> <!-- verifySpecialCharactersInTitle -->
  <testcase classname="tests.UploaderTests" name="verifySpecialCharactersInChapterTitle" time="0.0">
    <ignored/>
  </testcase> <!-- verifySpecialCharactersInChapterTitle -->
  <testcase classname="tests.UploaderTests" name="verifyMandatoryFieldValidation" time="0.0">
    <ignored/>
  </testcase> <!-- verifyMandatoryFieldValidation -->
  <testcase classname="tests.UploaderTests" name="verifyMultipleChaptersUpload" time="0.0">
    <ignored/>
  </testcase> <!-- verifyMultipleChaptersUpload -->
  <testcase classname="tests.UploaderTests" name="verifyDurationFilter" time="0.0">
    <ignored/>
  </testcase> <!-- verifyDurationFilter -->
  <testcase classname="tests.UploaderTests" name="verifySearchInvalidBookShowsNoResult" time="0.0">
    <ignored/>
  </testcase> <!-- verifySearchInvalidBookShowsNoResult -->
  <testcase classname="tests.UploaderTests" name="verifyUploadBookPageLoads" time="0.0">
    <ignored/>
  </testcase> <!-- verifyUploadBookPageLoads -->
  <testcase classname="tests.UploaderTests" name="verifyEmptySearchBehavior" time="0.0">
    <ignored/>
  </testcase> <!-- verifyEmptySearchBehavior -->
  <testcase classname="tests.UploaderTests" name="verifyNetworkInterruptionDuringUpload" time="0.0">
    <ignored/>
  </testcase> <!-- verifyNetworkInterruptionDuringUpload -->
  <testcase classname="tests.UploaderTests" name="verifyChapterUploadWithValidFile" time="0.0">
    <ignored/>
  </testcase> <!-- verifyChapterUploadWithValidFile -->
  <testcase classname="tests.UploaderTests" name="verifyChapterSorting" time="0.0">
    <ignored/>
  </testcase> <!-- verifyChapterSorting -->
  <testcase classname="tests.UploaderTests" name="verifyPaginationForLargeData" time="0.0">
    <ignored/>
  </testcase> <!-- verifyPaginationForLargeData -->
  <testcase classname="tests.UploaderTests" name="verifyChapterSearch" time="0.0">
    <ignored/>
  </testcase> <!-- verifyChapterSearch -->
  <testcase classname="tests.UploaderTests" name="verifyBookUploadWithValidData" time="0.0">
    <ignored/>
  </testcase> <!-- verifyBookUploadWithValidData -->
  <testcase classname="tests.UploaderTests" name="verifyInvalidChapterSearch" time="0.0">
    <ignored/>
  </testcase> <!-- verifyInvalidChapterSearch -->
  <testcase classname="tests.UploaderTests" name="verifyBookTitleValidation" time="0.0">
    <ignored/>
  </testcase> <!-- verifyBookTitleValidation -->
  <testcase classname="tests.UploaderTests" name="verifySpecialCharactersInSearch" time="0.0">
    <ignored/>
  </testcase> <!-- verifySpecialCharactersInSearch -->
  <testcase classname="tests.UploaderTests" name="verifyDuplicateChapterUploadPrevention" time="0.0">
    <ignored/>
  </testcase> <!-- verifyDuplicateChapterUploadPrevention -->
  <testcase classname="tests.UploaderTests" name="verifyUploadedBooksAreListed" time="0.0">
    <ignored/>
  </testcase> <!-- verifyUploadedBooksAreListed -->
  <testcase classname="tests.UploaderTests" name="verifyInvalidAudioFormatRejection" time="0.0">
    <ignored/>
  </testcase> <!-- verifyInvalidAudioFormatRejection -->
</testsuite> <!-- Default test -->
