<?xml version="1.0" encoding="UTF-8"?>
<!-- Generated by org.testng.reporters.JUnitXMLReporter -->
<testsuite ignored="0" hostname="safwan-rdp" failures="1" tests="1" name="Sonarplay Tests" time="27.934" errors="0" timestamp="2026-03-06T14:56:01 GST">
  <testcase classname="tests.TC_015_UpcomingReleasesTest" name="verifyUpcomingReleasesSection" time="15.242">
    <failure type="java.lang.AssertionError" message="No upcoming releases found expected [true] but found [false]">
      <![CDATA[java.lang.AssertionError: No upcoming releases found expected [true] but found [false]
at tests.TC_015_UpcomingReleasesTest.verifyUpcomingReleasesSection(TC_015_UpcomingReleasesTest.java:39)
at java.base/java.util.ArrayList.forEach(ArrayList.java:1596)
... Removed 28 stack frames]]>
    </failure>
  </testcase> <!-- verifyUpcomingReleasesSection -->
</testsuite> <!-- Sonarplay Tests -->
