<?xml version="1.0" encoding="UTF-8"?>
<!-- Generated by org.testng.reporters.JUnitXMLReporter -->
<testsuite ignored="7" hostname="DESKTOP-3U0K451" failures="0" tests="2" name="Command line test" time="127.135" errors="0" timestamp="2026-04-06T13:47:44 IST">
  <testcase classname="tests.PlayerTests" name="verifyForwardAudio" time="1.431"/>
  <testcase classname="tests.PlayerTests" name="verifyBackwardAudio" time="1.239"/>
  <testcase classname="tests.PlayerTests" name="verifyPlayerLoad" time="0.0">
    <ignored/>
  </testcase> <!-- verifyPlayerLoad -->
  <testcase classname="tests.PlayerTests" name="verifyPreviousOnFirstChapterHandledGracefully" time="0.0">
    <ignored/>
  </testcase> <!-- verifyPreviousOnFirstChapterHandledGracefully -->
  <testcase classname="tests.PlayerTests" name="verifyPreviousChapterPlayback" time="0.0">
    <ignored/>
  </testcase> <!-- verifyPreviousChapterPlayback -->
  <testcase classname="tests.PlayerTests" name="verifyPauseBook" time="0.0">
    <ignored/>
  </testcase> <!-- verifyPauseBook -->
  <testcase classname="tests.PlayerTests" name="verifyNextChapterPlayback" time="0.0">
    <ignored/>
  </testcase> <!-- verifyNextChapterPlayback -->
  <testcase classname="tests.PlayerTests" name="verifyResumeBook" time="0.0">
    <ignored/>
  </testcase> <!-- verifyResumeBook -->
  <testcase classname="tests.PlayerTests" name="verifyPlayBook" time="0.0">
    <ignored/>
  </testcase> <!-- verifyPlayBook -->
</testsuite> <!-- Command line test -->
