<?xml version="1.0" encoding="UTF-8"?>
<testng-results ignored="0" total="1" passed="1" failed="0" skipped="0">
  <reporter-output>
  </reporter-output>
  <suite started-at="2026-05-25T09:08:43 GST" name="Default suite" finished-at="2026-05-25T09:10:02 GST" duration-ms="78195">
    <groups>
    </groups>
    <test started-at="2026-05-25T09:08:43 GST" name="Default test" finished-at="2026-05-25T09:10:02 GST" duration-ms="78195">
      <class name="tests.HamburgerMenuBehaviorTests">
        <test-method is-config="true" signature="setup()[pri:0, instance:tests.HamburgerMenuBehaviorTests@662ac478]" started-at="2026-05-25T09:08:44 GST" name="setup" finished-at="2026-05-25T09:08:57 GST" duration-ms="12917" status="PASS">
          <reporter-output>
          </reporter-output>
        </test-method> <!-- setup -->
        <test-method is-config="true" signature="initPagesAndLogin()[pri:0, instance:tests.HamburgerMenuBehaviorTests@662ac478]" started-at="2026-05-25T09:08:57 GST" name="initPagesAndLogin" finished-at="2026-05-25T09:09:20 GST" duration-ms="23359" status="PASS">
          <reporter-output>
          </reporter-output>
        </test-method> <!-- initPagesAndLogin -->
        <test-method signature="verifyStabilityOnRapidClicks()[pri:366, instance:tests.HamburgerMenuBehaviorTests@662ac478]" started-at="2026-05-25T09:09:20 GST" name="verifyStabilityOnRapidClicks" description="TC_366: Verify stability on rapid clicks" finished-at="2026-05-25T09:10:01 GST" duration-ms="41225" status="PASS">
          <reporter-output>
          </reporter-output>
        </test-method> <!-- verifyStabilityOnRapidClicks -->
        <test-method is-config="true" signature="tearDown()[pri:0, instance:tests.HamburgerMenuBehaviorTests@662ac478]" started-at="2026-05-25T09:10:01 GST" name="tearDown" finished-at="2026-05-25T09:10:02 GST" duration-ms="478" status="PASS">
          <reporter-output>
          </reporter-output>
        </test-method> <!-- tearDown -->
      </class> <!-- tests.HamburgerMenuBehaviorTests -->
    </test> <!-- Default test -->
  </suite> <!-- Default suite -->
</testng-results>
