<?xml version="1.0" encoding="UTF-8"?>
<!-- Generated by org.testng.reporters.JUnitReportReporter -->
<testsuite hostname="safwan-rdp" failures="0" tests="9" name="tests.MasterTest" time="219.479" errors="0" timestamp="2026-06-26T12:29:21 GST" skipped="0">
  <testcase classname="tests.MasterTest" name="runTests" time="27.772"/>
  <testcase classname="tests.MasterTest" name="runTests" time="28.932"/>
  <testcase classname="tests.MasterTest" name="runTests" time="25.218"/>
  <testcase classname="tests.MasterTest" name="runTests" time="20.733"/>
  <testcase classname="tests.MasterTest" name="runTests" time="20.663"/>
  <testcase classname="tests.MasterTest" name="runTests" time="23.593"/>
  <testcase classname="tests.MasterTest" name="runTests" time="23.715"/>
  <testcase classname="tests.MasterTest" name="runTests" time="25.888"/>
  <testcase classname="tests.MasterTest" name="runTests" time="22.965"/>
</testsuite> <!-- tests.MasterTest -->
