<?xml version="1.0" encoding="UTF-8"?>
<!-- Generated by org.testng.reporters.JUnitReportReporter -->
<testsuite hostname="safwan-rdp" failures="0" tests="10" name="tests.SideMenuTests" time="587.819" errors="0" timestamp="2026-07-15T12:45:10 GST" skipped="0">
  <testcase classname="tests.SideMenuTests" name="TC351_VerifyHamburgerClickOpensMenu" time="61.045"/>
  <testcase classname="tests.SideMenuTests" name="TC352_VerifyHamburgerOpenCloseToggle" time="81.891"/>
  <testcase classname="tests.SideMenuTests" name="TC353_VerifyAllSideMenuItemsVisible" time="53.157"/>
  <testcase classname="tests.SideMenuTests" name="TC354_VerifyHomeNavigation" time="54.500"/>
  <testcase classname="tests.SideMenuTests" name="TC355_VerifyGet80OffNavigation" time="75.321"/>
  <testcase classname="tests.SideMenuTests" name="TC356_VerifyMostFavoriteNavigation" time="59.370"/>
  <testcase classname="tests.SideMenuTests" name="TC357_VerifyTransactionHistoryNavigation" time="55.422"/>
  <testcase classname="tests.SideMenuTests" name="TC358_VerifyAboutUsNavigation" time="49.795"/>
  <testcase classname="tests.SideMenuTests" name="TC359_VerifyContactNavigation" time="47.869"/>
  <testcase classname="tests.SideMenuTests" name="TC360_VerifyDownloadAppsNavigation" time="49.449"/>
</testsuite> <!-- tests.SideMenuTests -->
