<?xml version="1.0" encoding="UTF-8"?>
<!-- Generated by org.testng.reporters.JUnitReportReporter -->
<testsuite hostname="safwan-rdp" failures="0" tests="4" name="tests.RoleAccessTests" time="222.677" errors="0" timestamp="2026-07-13T16:09:44 GST" skipped="0">
  <testcase classname="tests.RoleAccessTests" name="verifyCreatorMenuNotVisibleForConsumer" time="67.970"/>
  <testcase classname="tests.RoleAccessTests" name="verifyCreatorMenuVisibleForUploader" time="51.222"/>
  <testcase classname="tests.RoleAccessTests" name="verifyUploaderCanAccessCreatorPage" time="46.826"/>
  <testcase classname="tests.RoleAccessTests" name="verifyConsumerBlockedFromCreatorUrl" time="56.659"/>
</testsuite> <!-- tests.RoleAccessTests -->
