<?xml version="1.0" encoding="UTF-8"?>
<!-- Generated by org.testng.reporters.JUnitReportReporter -->
<testsuite hostname="safwan-rdp" failures="0" tests="16" name="tests.TransactionsTests" time="883.874" errors="0" timestamp="2026-07-16T13:17:35 GST" skipped="1">
  <testcase classname="tests.TransactionsTests" name="TC419_VerifyTransactionsDisplayedInCardFormat" time="47.866"/>
  <testcase classname="tests.TransactionsTests" name="TC420_VerifyTransactionCardShowsPlanDateAmount" time="45.649"/>
  <testcase classname="tests.TransactionsTests" name="TC421_VerifyTransactionStatusCompletedDisplayed" time="51.332"/>
  <testcase classname="tests.TransactionsTests" name="TC422_VerifyTransactionAmountDisplayed" time="45.394"/>
  <testcase classname="tests.TransactionsTests" name="TC423_VerifyTransactionDateTimeFormat" time="50.811"/>
  <testcase classname="tests.TransactionsTests" name="TC424_VerifyPaymentMethodDisplayed" time="47.752"/>
  <testcase classname="tests.TransactionsTests" name="TC425_VerifySubscriptionDurationDisplayed" time="45.575"/>
  <testcase classname="tests.TransactionsTests" name="TC426_VerifyInvoiceDownload" time="46.534"/>
  <testcase classname="tests.TransactionsTests" name="TC427_VerifySearchByValidTransactionId" time="81.974"/>
  <testcase classname="tests.TransactionsTests" name="TC428_VerifySearchInvalidIdShowsNoResult" time="54.048"/>
  <testcase classname="tests.TransactionsTests" name="TC429_VerifyEmptySearchShowsDefaultList" time="44.880"/>
  <testcase classname="tests.TransactionsTests" name="TC430_VerifyFilterPopupOpens" time="47.011"/>
  <testcase classname="tests.TransactionsTests" name="TC439_VerifySpecialCharacterSearch" time="60.952"/>
  <testcase classname="tests.TransactionsTests" name="TC440_VerifyMaxLengthTransactionId" time="56.993"/>
  <testcase classname="tests.TransactionsTests" name="TC440_VerifyMaxLengthTransactionId" time="109.826">
    <skipped/>
  </testcase> <!-- TC440_VerifyMaxLengthTransactionId -->
  <testcase classname="tests.TransactionsTests" name="TC441_VerifyInvoiceDownloadErrorHandling" time="47.277"/>
</testsuite> <!-- tests.TransactionsTests -->
