<?xml version="1.0" encoding="UTF-8"?>
<!-- Generated by org.testng.reporters.JUnitReportReporter -->
<testsuite hostname="safwan-rdp" failures="0" tests="18" name="tests.HeaderFooterTests" time="824.466" errors="0" timestamp="2026-06-26T09:14:09 GST" skipped="0">
  <testcase classname="tests.HeaderFooterTests" name="TC204_VerifyHeaderSectionVisibleOnDashboard" time="46.004"/>
  <testcase classname="tests.HeaderFooterTests" name="TC205_VerifyClickingLogoRedirectsToDashboard" time="53.200"/>
  <testcase classname="tests.HeaderFooterTests" name="TC206_VerifySearchBarAcceptsInput" time="43.233"/>
  <testcase classname="tests.HeaderFooterTests" name="TC207_VerifySearchBehaviorWithInvalidInput" time="51.492"/>
  <testcase classname="tests.HeaderFooterTests" name="TC212_VerifyThemeToggleButtonVisible" time="42.663"/>
  <testcase classname="tests.HeaderFooterTests" name="TC216_VerifyProfileIconVisible" time="42.203"/>
  <testcase classname="tests.HeaderFooterTests" name="TC217_VerifyClickingProfileIconOpensMenu" time="42.087"/>
  <testcase classname="tests.HeaderFooterTests" name="TC218_VerifyUserCanLogout" time="47.259"/>
  <testcase classname="tests.HeaderFooterTests" name="TC219_VerifySessionEndsAfterLogout" time="47.577"/>
  <testcase classname="tests.HeaderFooterTests" name="TC220_VerifyFooterSectionDisplayed" time="50.196"/>
  <testcase classname="tests.HeaderFooterTests" name="TC221_VerifyAllFooterLinksDisplayed" time="45.334"/>
  <testcase classname="tests.HeaderFooterTests" name="TC222_VerifyPrivacyPolicyPageOpens" time="46.616"/>
  <testcase classname="tests.HeaderFooterTests" name="TC223_VerifyTermsPageOpens" time="23.982"/>
  <testcase classname="tests.HeaderFooterTests" name="TC224_VerifyContactPageOpens" time="46.700"/>
  <testcase classname="tests.HeaderFooterTests" name="TC225_VerifyFacebookLinkRedirectsCorrectly" time="48.523"/>
  <testcase classname="tests.HeaderFooterTests" name="TC226_VerifyInstagramLinkRedirectsCorrectly" time="48.359"/>
  <testcase classname="tests.HeaderFooterTests" name="TC227_VerifyBehaviorWhenFooterLinkIsBroken" time="50.343"/>
  <testcase classname="tests.HeaderFooterTests" name="TC228_VerifyFooterLinksAccessibleWithoutLogin" time="48.695"/>
</testsuite> <!-- tests.HeaderFooterTests -->
