<?xml version="1.0" encoding="UTF-8"?>
<!-- Generated by org.testng.reporters.JUnitReportReporter -->
<testsuite hostname="safwan-rdp" failures="0" tests="15" name="tests.FavouritesManagementTests" time="1197.127" errors="0" timestamp="2026-06-25T16:03:53 GST" skipped="0">
  <testcase classname="tests.FavouritesManagementTests" name="TC404_VerifyEmptyFavouritesState" time="64.347"/>
  <testcase classname="tests.FavouritesManagementTests" name="TC405_VerifyAddBookToFavourites" time="118.930"/>
  <testcase classname="tests.FavouritesManagementTests" name="TC406_VerifyRemoveBookFromFavourites" time="133.062"/>
  <testcase classname="tests.FavouritesManagementTests" name="TC407_VerifyMultipleBooksDisplay" time="62.223"/>
  <testcase classname="tests.FavouritesManagementTests" name="TC408_VerifySearchInFavourites" time="90.034"/>
  <testcase classname="tests.FavouritesManagementTests" name="TC409_VerifyMultipleBooksSelection" time="88.857"/>
  <testcase classname="tests.FavouritesManagementTests" name="TC410_VerifyRemoveSelectedBooks" time="108.227"/>
  <testcase classname="tests.FavouritesManagementTests" name="TC411_VerifyDeselectAll" time="87.456"/>
  <testcase classname="tests.FavouritesManagementTests" name="TC412_VerifyCancelAction" time="94.145"/>
  <testcase classname="tests.FavouritesManagementTests" name="TC413_VerifyPaginationOrScroll" time="60.386"/>
  <testcase classname="tests.FavouritesManagementTests" name="TC414_VerifySearchInFavouritesByAuthorName" time="63.679"/>
  <testcase classname="tests.FavouritesManagementTests" name="TC415_VerifyGuestCannotAddFavourites" time="38.656"/>
  <testcase classname="tests.FavouritesManagementTests" name="TC416_VerifyNetworkFailureHandling" time="62.686"/>
  <testcase classname="tests.FavouritesManagementTests" name="TC417_VerifyMaxFavouritesLimit" time="64.187"/>
  <testcase classname="tests.FavouritesManagementTests" name="TC418_VerifyUIConsistency" time="60.252"/>
</testsuite> <!-- tests.FavouritesManagementTests -->
