<?xml version="1.0" encoding="UTF-8"?>
<!-- Generated by org.testng.reporters.JUnitReportReporter -->
<testsuite hostname="safwan-rdp" failures="0" tests="36" name="tests.LoginTests" time="3846.639" errors="1" timestamp="2026-03-26T10:39:05 GST" skipped="6">
  <testcase classname="tests.LoginTests" name="setup" time="126.410">
    <error message="timeout: Timed out receiving message from renderer: 29.060
  (Session info: chrome=146.0.7680.153)
Build info: version: &#039;4.41.0&#039;, revision: &#039;9fc754f&#039;
System info: os.name: &#039;Windows 11&#039;, os.arch: &#039;amd64&#039;, os.version: &#039;10.0&#039;, java.version: &#039;21.0.10&#039;
Driver info: org.openqa.selenium.chrome.ChromeDriver
Command: [cf5682c5f622e323897d714828b3ee99, get {url=https://web-splay.acceses.com/}]
Capabilities {acceptInsecureCerts: false, browserName: chrome, browserVersion: 146.0.7680.153, chrome: {chromedriverVersion: 146.0.7680.165 (4b989da09e1..., userDataDir: C:\Users\safwan\AppData\Loc...}, fedcm:accounts: true, goog:chromeOptions: {debuggerAddress: localhost:64934}, goog:processID: 8224, networkConnectionEnabled: false, pageLoadStrategy: normal, platformName: windows, proxy: Proxy(), se:cdp: ws://localhost:64934/devtoo..., se:cdpVersion: 146.0.7680.153, setWindowRect: true, strictFileInteractability: false, timeouts: {implicit: 0, pageLoad: 300000, script: 30000}, unhandledPromptBehavior: dismiss and notify, webauthn:extension:credBlob: true, webauthn:extension:largeBlob: true, webauthn:extension:minPinLength: true, webauthn:extension:prf: true, webauthn:virtualAuthenticators: true}
Session ID: cf5682c5f622e323897d714828b3ee99" type="org.openqa.selenium.TimeoutException">
      <![CDATA[org.openqa.selenium.TimeoutException: timeout: Timed out receiving message from renderer: 29.060
  (Session info: chrome=146.0.7680.153)
Build info: version: '4.41.0', revision: '9fc754f'
System info: os.name: 'Windows 11', os.arch: 'amd64', os.version: '10.0', java.version: '21.0.10'
Driver info: org.openqa.selenium.chrome.ChromeDriver
Command: [cf5682c5f622e323897d714828b3ee99, get {url=https://web-splay.acceses.com/}]
Capabilities {acceptInsecureCerts: false, browserName: chrome, browserVersion: 146.0.7680.153, chrome: {chromedriverVersion: 146.0.7680.165 (4b989da09e1..., userDataDir: C:\Users\safwan\AppData\Loc...}, fedcm:accounts: true, goog:chromeOptions: {debuggerAddress: localhost:64934}, goog:processID: 8224, networkConnectionEnabled: false, pageLoadStrategy: normal, platformName: windows, proxy: Proxy(), se:cdp: ws://localhost:64934/devtoo..., se:cdpVersion: 146.0.7680.153, setWindowRect: true, strictFileInteractability: false, timeouts: {implicit: 0, pageLoad: 300000, script: 30000}, unhandledPromptBehavior: dismiss and notify, webauthn:extension:credBlob: true, webauthn:extension:largeBlob: true, webauthn:extension:minPinLength: true, webauthn:extension:prf: true, webauthn:virtualAuthenticators: true}
Session ID: cf5682c5f622e323897d714828b3ee99
at org.openqa.selenium.remote.ErrorCodec.decode(ErrorCodec.java:169)
at org.openqa.selenium.remote.codec.w3c.W3CHttpResponseCodec.decode(W3CHttpResponseCodec.java:142)
at org.openqa.selenium.remote.codec.w3c.W3CHttpResponseCodec.decode(W3CHttpResponseCodec.java:49)
at org.openqa.selenium.remote.HttpCommandExecutor.execute(HttpCommandExecutor.java:223)
at org.openqa.selenium.remote.service.DriverCommandExecutor.invokeExecute(DriverCommandExecutor.java:216)
at org.openqa.selenium.remote.service.DriverCommandExecutor.execute(DriverCommandExecutor.java:174)
at org.openqa.selenium.remote.RemoteWebDriver.execute(RemoteWebDriver.java:604)
at org.openqa.selenium.remote.RemoteWebDriver.get(RemoteWebDriver.java:372)
at base.BaseTest.initializeDriverSession(BaseTest.java:42)
at base.BaseTest.setup(BaseTest.java:30)
at java.base/jdk.internal.reflect.DirectMethodHandleAccessor.invoke(DirectMethodHandleAccessor.java:103)
at java.base/java.lang.reflect.Method.invoke(Method.java:580)
at org.testng.internal.invokers.MethodInvocationHelper.invokeMethod(MethodInvocationHelper.java:139)
at org.testng.internal.invokers.MethodInvocationHelper.invokeMethodConsideringTimeout(MethodInvocationHelper.java:69)
at org.testng.internal.invokers.ConfigInvoker.invokeConfigurationMethod(ConfigInvoker.java:393)
at org.testng.internal.invokers.ConfigInvoker.invokeConfigurations(ConfigInvoker.java:326)
at org.testng.internal.invokers.TestInvoker.runConfigMethods(TestInvoker.java:810)
at org.testng.internal.invokers.TestInvoker.invokeMethod(TestInvoker.java:578)
at org.testng.internal.invokers.TestInvoker.invokeTestMethod(TestInvoker.java:228)
at org.testng.internal.invokers.MethodRunner.runInSequence(MethodRunner.java:63)
at org.testng.internal.invokers.TestInvoker$MethodInvocationAgent.invoke(TestInvoker.java:961)
at org.testng.internal.invokers.TestInvoker.invokeTestMethods(TestInvoker.java:201)
at org.testng.internal.invokers.TestMethodWorker.invokeTestMethods(TestMethodWorker.java:148)
at org.testng.internal.invokers.TestMethodWorker.run(TestMethodWorker.java:128)
at java.base/java.util.ArrayList.forEach(ArrayList.java:1596)
at org.testng.TestRunner.privateRun(TestRunner.java:819)
at org.testng.TestRunner.run(TestRunner.java:619)
at org.testng.SuiteRunner.runTest(SuiteRunner.java:443)
at org.testng.SuiteRunner.runSequentially(SuiteRunner.java:437)
at org.testng.SuiteRunner.privateRun(SuiteRunner.java:397)
at org.testng.SuiteRunner.run(SuiteRunner.java:336)
at org.testng.SuiteRunnerWorker.runSuite(SuiteRunnerWorker.java:52)
at org.testng.SuiteRunnerWorker.run(SuiteRunnerWorker.java:95)
at org.testng.TestNG.runSuitesSequentially(TestNG.java:1301)
at org.testng.TestNG.runSuitesLocally(TestNG.java:1228)
at org.testng.TestNG.runSuites(TestNG.java:1134)
at org.testng.TestNG.run(TestNG.java:1101)
at org.testng.remote.AbstractRemoteTestNG.run(AbstractRemoteTestNG.java:115)
at org.testng.remote.RemoteTestNG.initAndRun(RemoteTestNG.java:293)
at org.testng.remote.RemoteTestNG.main(RemoteTestNG.java:91)
]]>
    </error>
  </testcase> <!-- setup -->
  <testcase classname="tests.LoginTests" name="verifyLoginPageElementsDisplayed" time="93.975"/>
  <testcase classname="tests.LoginTests" name="verifyPasswordFieldIsMasked" time="93.210"/>
  <testcase classname="tests.LoginTests" name="verifyEmptyFieldsValidation" time="94.180"/>
  <testcase classname="tests.LoginTests" name="verifyEmptyEmailValidation" time="100.027"/>
  <testcase classname="tests.LoginTests" name="verifyEmptyPasswordValidation" time="94.162"/>
  <testcase classname="tests.LoginTests" name="verifyInvalidPassword" time="97.115"/>
  <testcase classname="tests.LoginTests" name="verifyUnregisteredUserCannotLogin" time="95.007"/>
  <testcase classname="tests.LoginTests" name="verifyInvalidEmailFormat" time="115.883"/>
  <testcase classname="tests.LoginTests" name="verifyEmailWithLeadingSpace" time="96.513"/>
  <testcase classname="tests.LoginTests" name="verifyEmailWithTrailingSpace" time="95.726"/>
  <testcase classname="tests.LoginTests" name="verifyUppercaseEmailLogin" time="96.431"/>
  <testcase classname="tests.LoginTests" name="verifySqlInjectionEmailRejected" time="114.833"/>
  <testcase classname="tests.LoginTests" name="verifyXssInjectionEmailRejected" time="119.486"/>
  <testcase classname="tests.LoginTests" name="verifyPasswordWithSpaces" time="96.989"/>
  <testcase classname="tests.LoginTests" name="verifyPasswordCopyPaste" time="96.746"/>
  <testcase classname="tests.LoginTests" name="verifyLongPassword" time="116.404"/>
  <testcase classname="tests.LoginTests" name="verifyRememberMeChecked" time="92.195"/>
  <testcase classname="tests.LoginTests" name="verifyRememberMeUnchecked" time="98.215"/>
  <testcase classname="tests.LoginTests" name="verifyBrowserRestart" time="149.898"/>
  <testcase classname="tests.LoginTests" name="verifyForgotPasswordLink" time="103.716"/>
  <testcase classname="tests.LoginTests" name="verifyResetWithValidEmail" time="97.417"/>
  <testcase classname="tests.LoginTests" name="verifyResetWithInvalidEmail" time="95.677"/>
  <testcase classname="tests.LoginTests" name="verifyGmailLogin" time="96.658"/>
  <testcase classname="tests.LoginTests" name="verifyCancelGmailLogin" time="92.561">
    <skipped/>
  </testcase> <!-- verifyCancelGmailLogin -->
  <testcase classname="tests.LoginTests" name="verifyRegisterButton" time="134.693"/>
  <testcase classname="tests.LoginTests" name="verifyRegisterUrlValidation" time="93.886"/>
  <testcase classname="tests.LoginTests" name="verifySqlInjectionLogin" time="116.747"/>
  <testcase classname="tests.LoginTests" name="verifyXssAttack" time="115.918"/>
  <testcase classname="tests.LoginTests" name="verifyBruteForceAttempt" time="419.751"/>
  <testcase classname="tests.LoginTests" name="verifyDoubleClickLogin" time="96.597"/>
  <testcase classname="tests.LoginTests" name="verifySlowInternetLogin" time="92.883">
    <skipped/>
  </testcase> <!-- verifySlowInternetLogin -->
  <testcase classname="tests.LoginTests" name="verifyNetworkDisconnect" time="94.741">
    <skipped/>
  </testcase> <!-- verifyNetworkDisconnect -->
  <testcase classname="tests.LoginTests" name="verifyBrowserRefreshDuringLogin" time="93.902">
    <skipped/>
  </testcase> <!-- verifyBrowserRefreshDuringLogin -->
  <testcase classname="tests.LoginTests" name="verifyBrowserBackAfterLogin" time="18.087">
    <skipped/>
  </testcase> <!-- verifyBrowserBackAfterLogin -->
  <testcase classname="tests.LoginTests" name="verifyValidLogin" time="0.000">
    <skipped/>
  </testcase> <!-- verifyValidLogin -->
</testsuite> <!-- tests.LoginTests -->
