<?xml version="1.0" encoding="UTF-8"?>
<!-- Generated by org.testng.reporters.JUnitReportReporter -->
<testsuite hostname="safwan-rdp" failures="0" tests="6" name="tests.PlayerTests" time="75.999" errors="0" timestamp="2026-03-26T11:23:02 GST" skipped="0">
  <testcase classname="tests.PlayerTests" name="verifyPlayBook" time="9.970"/>
  <testcase classname="tests.PlayerTests" name="verifyPauseBook" time="12.830"/>
  <testcase classname="tests.PlayerTests" name="verifyResumeBook" time="15.575"/>
  <testcase classname="tests.PlayerTests" name="verifyForwardAudio" time="12.822"/>
  <testcase classname="tests.PlayerTests" name="verifyBackwardAudio" time="13.138"/>
  <testcase classname="tests.PlayerTests" name="verifyPlayerLoad" time="11.664"/>
</testsuite> <!-- tests.PlayerTests -->
