<?xml version="1.0" encoding="UTF-8"?>
<!-- Generated by org.testng.reporters.JUnitReportReporter -->
<testsuite hostname="safwan-rdp" failures="1" tests="36" name="tests.DashboardTests" time="3085.745" errors="0" timestamp="2026-04-07T13:04:38 GST" skipped="2">
  <testcase classname="tests.DashboardTests" name="verifyDashboardLoadsAfterSuccessfulLogin" time="75.462"/>
  <testcase classname="tests.DashboardTests" name="verifyDashboardUIElementsDisplayCorrectly" time="73.685"/>
  <testcase classname="tests.DashboardTests" name="verifySidebarMenuNavigationWorks" time="74.118"/>
  <testcase classname="tests.DashboardTests" name="verifyDashboardWorksAfterRefresh" time="76.259"/>
  <testcase classname="tests.DashboardTests" name="verifyDashboardLoadsWithinAcceptableTime" time="80.213"/>
  <testcase classname="tests.DashboardTests" name="verifyRecommendedContentAppearsForConsumer" time="110.726"/>
  <testcase classname="tests.DashboardTests" name="verifyRecentlyPlayedContentVisible" time="91.361"/>
  <testcase classname="tests.DashboardTests" name="verifyContinueListeningOptionVisible" time="88.598"/>
  <testcase classname="tests.DashboardTests" name="verifyUpgradeBannerVisibleForFreeUsers" time="87.242"/>
  <testcase classname="tests.DashboardTests" name="verifySearchFromDashboard" time="113.792"/>
  <testcase classname="tests.DashboardTests" name="verifyPlaylistsAccessible" time="84.808"/>
  <testcase classname="tests.DashboardTests" name="verifyFavoriteContentVisible" time="76.716"/>
  <testcase classname="tests.DashboardTests" name="verifyUploadOptionVisible" time="77.858"/>
  <testcase classname="tests.DashboardTests" name="verifyUploadShortcutWorks" time="82.053"/>
  <testcase classname="tests.DashboardTests" name="verifyUploadedContentSummaryVisible" time="119.584"/>
  <testcase classname="tests.DashboardTests" name="verifyUploaderCanViewAnalytics" time="76.937"/>
  <testcase classname="tests.DashboardTests" name="verifyUploaderCanSeeDrafts" time="118.375"/>
  <testcase classname="tests.DashboardTests" name="verifyUploaderCanEditContent" time="99.655"/>
  <testcase classname="tests.DashboardTests" name="verifyUploaderCanDeleteContent" time="117.655"/>
  <testcase classname="tests.DashboardTests" name="verifyAdminDashboardLoads" time="74.908"/>
  <testcase classname="tests.DashboardTests" name="verifyAdminCanViewUIElements" time="77.206"/>
  <testcase classname="tests.DashboardTests" name="verifyAdminCanSearchContent" time="112.635"/>
  <testcase classname="tests.DashboardTests" name="verifyAdminCanAccessPlaylists" time="83.489"/>
  <testcase classname="tests.DashboardTests" name="verifyAdminCanAccessFavorites" time="76.425"/>
  <testcase classname="tests.DashboardTests" name="verifyAdminDashboardStability" time="74.883"/>
  <testcase classname="tests.DashboardTests" name="verifyDashboardCannotBeAccessedWithoutLogin" time="82.143"/>
  <testcase classname="tests.DashboardTests" name="verifyRoleRestrictions" time="78.057"/>
  <testcase classname="tests.DashboardTests" name="verifySessionExpires" time="74.648"/>
  <testcase classname="tests.DashboardTests" name="verifyLoginOnMultipleDevices" time="73.125"/>
  <testcase classname="tests.DashboardTests" name="verifyBackButtonBehavior" time="82.084"/>
  <testcase classname="tests.DashboardTests" name="verifyDashboardUnderSlowNetwork" time="77.340">
    <skipped/>
  </testcase> <!-- verifyDashboardUnderSlowNetwork -->
  <testcase classname="tests.DashboardTests" name="verifyDashboardUnderSlowNetwork" time="77.380">
    <skipped/>
  </testcase> <!-- verifyDashboardUnderSlowNetwork -->
  <testcase classname="tests.DashboardTests" name="verifyDashboardUnderSlowNetwork" time="76.591">
    <failure message="Load time under slow network should be measurable (&gt; 2s) expected [true] but found [false]" type="java.lang.AssertionError">
      <![CDATA[java.lang.AssertionError: Load time under slow network should be measurable (> 2s) expected [true] but found [false]
at org.testng.Assert.fail(Assert.java:111)
at org.testng.Assert.failNotEquals(Assert.java:1578)
at org.testng.Assert.assertTrue(Assert.java:57)
at tests.DashboardTests.verifyDashboardUnderSlowNetwork(DashboardTests.java:868)
at java.base/jdk.internal.reflect.DirectMethodHandleAccessor.invoke(DirectMethodHandleAccessor.java:103)
at java.base/java.lang.reflect.Method.invoke(Method.java:580)
at org.testng.internal.invokers.MethodInvocationHelper.invokeMethod(MethodInvocationHelper.java:139)
at org.testng.internal.invokers.TestInvoker.invokeMethod(TestInvoker.java:664)
at org.testng.internal.invokers.TestInvoker.retryFailed(TestInvoker.java:249)
at org.testng.internal.invokers.MethodRunner.runInSequence(MethodRunner.java:76)
at org.testng.internal.invokers.TestInvoker$MethodInvocationAgent.invoke(TestInvoker.java:961)
at org.testng.internal.invokers.TestInvoker.invokeTestMethods(TestInvoker.java:201)
at org.testng.internal.invokers.TestMethodWorker.invokeTestMethods(TestMethodWorker.java:148)
at org.testng.internal.invokers.TestMethodWorker.run(TestMethodWorker.java:128)
at java.base/java.util.ArrayList.forEach(ArrayList.java:1596)
at org.testng.TestRunner.privateRun(TestRunner.java:819)
at org.testng.TestRunner.run(TestRunner.java:619)
at org.testng.SuiteRunner.runTest(SuiteRunner.java:443)
at org.testng.SuiteRunner.runSequentially(SuiteRunner.java:437)
at org.testng.SuiteRunner.privateRun(SuiteRunner.java:397)
at org.testng.SuiteRunner.run(SuiteRunner.java:336)
at org.testng.SuiteRunnerWorker.runSuite(SuiteRunnerWorker.java:52)
at org.testng.SuiteRunnerWorker.run(SuiteRunnerWorker.java:95)
at org.testng.TestNG.runSuitesSequentially(TestNG.java:1301)
at org.testng.TestNG.runSuitesLocally(TestNG.java:1228)
at org.testng.TestNG.runSuites(TestNG.java:1134)
at org.testng.TestNG.run(TestNG.java:1101)
at org.testng.remote.AbstractRemoteTestNG.run(AbstractRemoteTestNG.java:115)
at org.testng.remote.RemoteTestNG.initAndRun(RemoteTestNG.java:293)
at org.testng.remote.RemoteTestNG.main(RemoteTestNG.java:91)
]]>
    </failure>
  </testcase> <!-- verifyDashboardUnderSlowNetwork -->
  <testcase classname="tests.DashboardTests" name="verifyResponsiveLayout" time="80.062"/>
  <testcase classname="tests.DashboardTests" name="verifyDashboardSessionAcrossTabs" time="81.617"/>
  <testcase classname="tests.DashboardTests" name="verifyLogoutFromDashboard" time="78.055"/>
</testsuite> <!-- tests.DashboardTests -->
