<?xml version="1.0" encoding="UTF-8"?>
<!-- Generated by org.testng.reporters.JUnitReportReporter -->
<testsuite hostname="DESKTOP-3U0K451" failures="0" tests="3" name="tests.TC_005_LoginTest_ValidRoles" time="55.417" errors="0" timestamp="2026-03-18T10:24:22 IST" skipped="0">
  <testcase classname="tests.TC_005_LoginTest_ValidRoles" name="verifyLoginForAllRoles" time="18.925"/>
  <testcase classname="tests.TC_005_LoginTest_ValidRoles" name="verifyLoginForAllRoles" time="18.333"/>
  <testcase classname="tests.TC_005_LoginTest_ValidRoles" name="verifyLoginForAllRoles" time="18.159"/>
</testsuite> <!-- tests.TC_005_LoginTest_ValidRoles -->
