<?xml version="1.0" encoding="UTF-8"?>
<!-- Generated by org.testng.reporters.JUnitReportReporter -->
<testsuite hostname="safwan-rdp" failures="0" tests="12" name="tests.AudioPlayerBehaviorTests" time="1235.560" errors="0" timestamp="2026-05-21T17:12:46 GST" skipped="0">
  <testcase classname="tests.AudioPlayerBehaviorTests" name="verifyAudioPlaybackWithoutInternet" time="196.852"/>
  <testcase classname="tests.AudioPlayerBehaviorTests" name="verifyMultipleRapidPlayClicks" time="72.263"/>
  <testcase classname="tests.AudioPlayerBehaviorTests" name="verifyPlaybackOnTabSwitch" time="82.061"/>
  <testcase classname="tests.AudioPlayerBehaviorTests" name="verifyPlaybackOnBrowserMinimize" time="82.646"/>
  <testcase classname="tests.AudioPlayerBehaviorTests" name="verifySeekBeyondDuration" time="94.976"/>
  <testcase classname="tests.AudioPlayerBehaviorTests" name="verifyQuickChapterSwitching" time="147.501"/>
  <testcase classname="tests.AudioPlayerBehaviorTests" name="verifyPlaybackAfterRefresh" time="92.966"/>
  <testcase classname="tests.AudioPlayerBehaviorTests" name="verifyBackNavigationDuringPlayback" time="83.065"/>
  <testcase classname="tests.AudioPlayerBehaviorTests" name="verifyCrossBrowserPlayback" time="82.453"/>
  <testcase classname="tests.AudioPlayerBehaviorTests" name="verifyLowBandwidthPlayback" time="93.393"/>
  <testcase classname="tests.AudioPlayerBehaviorTests" name="verifyMultipleTabsPlaybackConflict" time="122.673"/>
  <testcase classname="tests.AudioPlayerBehaviorTests" name="verifySessionTimeoutBehavior" time="84.711"/>
</testsuite> <!-- tests.AudioPlayerBehaviorTests -->
