<?xml version="1.0" encoding="UTF-8"?>
<!-- Generated by org.testng.reporters.JUnitReportReporter -->
<testsuite hostname="safwan-rdp" failures="0" tests="7" name="tests.HamburgerMenuBehaviorTests" time="667.245" errors="0" timestamp="2026-06-25T17:16:23 GST" skipped="0">
  <testcase classname="tests.HamburgerMenuBehaviorTests" name="TC365_VerifyMenuClosesOnOutsideClick" time="54.724"/>
  <testcase classname="tests.HamburgerMenuBehaviorTests" name="TC366_VerifyStabilityOnRapidClicks" time="73.986"/>
  <testcase classname="tests.HamburgerMenuBehaviorTests" name="TC367_VerifyScrollingInSmallScreens" time="106.769"/>
  <testcase classname="tests.HamburgerMenuBehaviorTests" name="TC368_VerifyKeyboardNavigation" time="103.713"/>
  <testcase classname="tests.HamburgerMenuBehaviorTests" name="TC369_VerifyThemeModeUI" time="104.953"/>
  <testcase classname="tests.HamburgerMenuBehaviorTests" name="TC370_VerifyUIWithLongLabels" time="103.834"/>
  <testcase classname="tests.HamburgerMenuBehaviorTests" name="TC371_VerifyHamburgerVisibleOnAllPages" time="119.266"/>
</testsuite> <!-- tests.HamburgerMenuBehaviorTests -->
