<?xml version="1.0" encoding="UTF-8"?>
<!-- Generated by org.testng.reporters.JUnitReportReporter -->
<testsuite hostname="DESKTOP-3U0K451" failures="0" tests="1" name="tests.TC_010_ForgotPassword_UnregisteredEmailTest" time="19.792" errors="0" timestamp="2026-03-18T10:24:22 IST" skipped="0">
  <testcase classname="tests.TC_010_ForgotPassword_UnregisteredEmailTest" name="verifyResetFailsForUnregisteredEmail" time="19.792"/>
</testsuite> <!-- tests.TC_010_ForgotPassword_UnregisteredEmailTest -->
