<?xml version="1.0" encoding="UTF-8"?>
<!-- Generated by org.testng.reporters.JUnitReportReporter -->
<testsuite hostname="safwan-rdp" failures="0" tests="6" name="tests.PlayerTests" time="128.729" errors="0" timestamp="2026-03-23T14:18:17 GST" skipped="0">
  <testcase classname="tests.PlayerTests" name="verifyPlayBook" time="19.519"/>
  <testcase classname="tests.PlayerTests" name="verifyPauseBook" time="23.456"/>
  <testcase classname="tests.PlayerTests" name="verifyResumeBook" time="18.891"/>
  <testcase classname="tests.PlayerTests" name="verifyForwardAudio" time="20.434"/>
  <testcase classname="tests.PlayerTests" name="verifyBackwardAudio" time="22.156"/>
  <testcase classname="tests.PlayerTests" name="verifyPlayerLoad" time="24.273"/>
</testsuite> <!-- tests.PlayerTests -->
