<?xml version="1.0" encoding="UTF-8"?>
<!-- Generated by org.testng.reporters.JUnitReportReporter -->
<testsuite hostname="safwan-rdp" failures="0" tests="24" name="tests.AudioPlayerTests" time="2267.632" errors="0" timestamp="2026-07-21T15:58:25 GST" skipped="2">
  <testcase classname="tests.AudioPlayerTests" name="TC324_VerifyAudioStartsWhenClickingPlayButton" time="87.218"/>
  <testcase classname="tests.AudioPlayerTests" name="TC325_VerifyAudioPausesWhenPauseButtonClicked" time="86.916"/>
  <testcase classname="tests.AudioPlayerTests" name="TC326_VerifyAudioResumesFromPausedPosition" time="92.402"/>
  <testcase classname="tests.AudioPlayerTests" name="TC327_VerifyUserCanSkipForward30Seconds" time="86.028"/>
  <testcase classname="tests.AudioPlayerTests" name="TC328_VerifyUserCanRewind30Seconds" time="92.952"/>
  <testcase classname="tests.AudioPlayerTests" name="TC329_VerifyForwardButtonBehaviorNearAudioEnd" time="88.165"/>
  <testcase classname="tests.AudioPlayerTests" name="TC330_VerifyRewindBehaviorAtAudioStart" time="87.034"/>
  <testcase classname="tests.AudioPlayerTests" name="TC331_VerifyClickingNextChapterPlaysNextChapter" time="87.916"/>
  <testcase classname="tests.AudioPlayerTests" name="TC332_VerifyPreviousChapterNavigation" time="93.155"/>
  <testcase classname="tests.AudioPlayerTests" name="TC333_VerifyPreviousButtonBehaviorOnFirstChapter" time="90.169"/>
  <testcase classname="tests.AudioPlayerTests" name="TC334_VerifyUserCanChangePlaybackSpeed" time="85.646"/>
  <testcase classname="tests.AudioPlayerTests" name="TC335_VerifyMinimumSpeedSelection" time="94.123"/>
  <testcase classname="tests.AudioPlayerTests" name="TC336_VerifyMaximumSpeedSelection" time="108.348">
    <skipped/>
  </testcase> <!-- TC336_VerifyMaximumSpeedSelection -->
  <testcase classname="tests.AudioPlayerTests" name="TC337_VerifyVolumeSliderIncreasesAudioLevel" time="92.738"/>
  <testcase classname="tests.AudioPlayerTests" name="TC338_VerifyVolumeSliderDecreasesAudioLevel" time="95.231"/>
  <testcase classname="tests.AudioPlayerTests" name="TC339_VerifyUserCanMuteAudio" time="85.422"/>
  <testcase classname="tests.AudioPlayerTests" name="TC341_VerifyUserCanSeekForwardViaProgressBar" time="86.790"/>
  <testcase classname="tests.AudioPlayerTests" name="TC342_VerifyUserCanSeekBackwardViaProgressBar" time="93.179"/>
  <testcase classname="tests.AudioPlayerTests" name="TC343_VerifySeekBehaviorWhenDraggedBeyondAudioLength" time="166.966">
    <skipped/>
  </testcase> <!-- TC343_VerifySeekBehaviorWhenDraggedBeyondAudioLength -->
  <testcase classname="tests.AudioPlayerTests" name="TC344_VerifySubscribedUserCanListenToBook" time="82.106"/>
  <testcase classname="tests.AudioPlayerTests" name="TC345_VerifySubscribedUserCanListenToMultipleBooks" time="118.261"/>
  <testcase classname="tests.AudioPlayerTests" name="TC346_VerifyFreeUserCanListenToOnlyOneBook" time="88.138"/>
  <testcase classname="tests.AudioPlayerTests" name="TC347_VerifyFreeUserCanOnlyListenToFirstBookFully" time="85.482"/>
  <testcase classname="tests.AudioPlayerTests" name="TC350_VerifyPlaybackControlsWorkForSubscribedUsers" time="93.247"/>
</testsuite> <!-- tests.AudioPlayerTests -->
