<?xml version="1.0" encoding="UTF-8"?>
<!-- Generated by org.testng.reporters.JUnitReportReporter -->
<testsuite hostname="safwan-rdp" failures="0" tests="6" name="tests.OfferTests" time="288.125" errors="0" timestamp="2026-06-26T12:48:38 GST" skipped="0">
  <testcase classname="tests.OfferTests" name="TC372_VerifyOfferPageAccessibleFromMenu" time="36.639"/>
  <testcase classname="tests.OfferTests" name="TC373_VerifyStartListeningButtonVisible" time="35.902"/>
  <testcase classname="tests.OfferTests" name="TC374_VerifyStartListeningClickExecutes" time="35.800"/>
  <testcase classname="tests.OfferTests" name="TC375_VerifySecondCTARedirectsToPayment" time="40.990"/>
  <testcase classname="tests.OfferTests" name="TC379_VerifyDoubleClickHandledGracefully" time="36.558"/>
  <testcase classname="tests.OfferTests" name="TC381_VerifyDisabledButtonForActiveSubscription" time="102.236"/>
</testsuite> <!-- tests.OfferTests -->
