<?xml version="1.0" encoding="UTF-8"?>
<!-- Generated by org.testng.reporters.JUnitReportReporter -->
<testsuite hostname="safwan-rdp" failures="1" tests="12" name="tests.SecurityTests" time="545.939" errors="0" timestamp="2026-04-07T14:28:28 GST" skipped="3">
  <testcase classname="tests.SecurityTests" name="verifyDirectCategoryUrlAccessWithoutLogin" time="23.069"/>
  <testcase classname="tests.SecurityTests" name="verifyDirectEmptyCategoryUrlAccessWithoutLogin" time="23.958"/>
  <testcase classname="tests.SecurityTests" name="verifyDirectRelatedShowsUrlAccessWithoutLogin" time="24.774"/>
  <testcase classname="tests.SecurityTests" name="verifyDirectRelatedShowDetailAccessWithoutLogin" time="20.924">
    <skipped/>
  </testcase> <!-- verifyDirectRelatedShowDetailAccessWithoutLogin -->
  <testcase classname="tests.SecurityTests" name="verifyDirectUpcomingUrlAccessWithoutLogin" time="24.701"/>
  <testcase classname="tests.SecurityTests" name="verifyDirectUpcomingShowAccessWithoutLogin" time="24.065"/>
  <testcase classname="tests.SecurityTests" name="verifyDirectMostRatedUrlAccessWithoutLogin" time="23.869"/>
  <testcase classname="tests.SecurityTests" name="verifyDirectRatedShowAccessWithoutLogin" time="28.777"/>
  <testcase classname="tests.SecurityTests" name="verifyDirectUrlAccessAfterSessionExpiry" time="82.034"/>
  <testcase classname="tests.SecurityTests" name="verifyRestrictedDashboardPagesCannotOpenWithWrongRole" time="90.059">
    <failure message="Consumer should be redirected away from restricted admin pages or shown a restricted-access state. Current URL: https://web-splay.acceses.com/admin expected [true] but found [false]" type="java.lang.AssertionError">
      <![CDATA[java.lang.AssertionError: Consumer should be redirected away from restricted admin pages or shown a restricted-access state. Current URL: https://web-splay.acceses.com/admin expected [true] but found [false]
at org.testng.Assert.fail(Assert.java:111)
at org.testng.Assert.failNotEquals(Assert.java:1578)
at org.testng.Assert.assertTrue(Assert.java:57)
at tests.SecurityTests.verifyRestrictedDashboardPagesCannotOpenWithWrongRole(SecurityTests.java:277)
at java.base/jdk.internal.reflect.DirectMethodHandleAccessor.invoke(DirectMethodHandleAccessor.java:103)
at java.base/java.lang.reflect.Method.invoke(Method.java:580)
at org.testng.internal.invokers.MethodInvocationHelper.invokeMethod(MethodInvocationHelper.java:139)
at org.testng.internal.invokers.TestInvoker.invokeMethod(TestInvoker.java:664)
at org.testng.internal.invokers.TestInvoker.retryFailed(TestInvoker.java:249)
at org.testng.internal.invokers.MethodRunner.runInSequence(MethodRunner.java:76)
at org.testng.internal.invokers.TestInvoker$MethodInvocationAgent.invoke(TestInvoker.java:961)
at org.testng.internal.invokers.TestInvoker.invokeTestMethods(TestInvoker.java:201)
at org.testng.internal.invokers.TestMethodWorker.invokeTestMethods(TestMethodWorker.java:148)
at org.testng.internal.invokers.TestMethodWorker.run(TestMethodWorker.java:128)
at java.base/java.util.ArrayList.forEach(ArrayList.java:1596)
at org.testng.TestRunner.privateRun(TestRunner.java:819)
at org.testng.TestRunner.run(TestRunner.java:619)
at org.testng.SuiteRunner.runTest(SuiteRunner.java:443)
at org.testng.SuiteRunner.runSequentially(SuiteRunner.java:437)
at org.testng.SuiteRunner.privateRun(SuiteRunner.java:397)
at org.testng.SuiteRunner.run(SuiteRunner.java:336)
at org.testng.SuiteRunnerWorker.runSuite(SuiteRunnerWorker.java:52)
at org.testng.SuiteRunnerWorker.run(SuiteRunnerWorker.java:95)
at org.testng.TestNG.runSuitesSequentially(TestNG.java:1301)
at org.testng.TestNG.runSuitesLocally(TestNG.java:1228)
at org.testng.TestNG.runSuites(TestNG.java:1134)
at org.testng.TestNG.run(TestNG.java:1101)
at org.testng.remote.AbstractRemoteTestNG.run(AbstractRemoteTestNG.java:115)
at org.testng.remote.RemoteTestNG.initAndRun(RemoteTestNG.java:293)
at org.testng.remote.RemoteTestNG.main(RemoteTestNG.java:91)
]]>
    </failure>
  </testcase> <!-- verifyRestrictedDashboardPagesCannotOpenWithWrongRole -->
  <testcase classname="tests.SecurityTests" name="verifyRestrictedDashboardPagesCannotOpenWithWrongRole" time="90.196">
    <skipped/>
  </testcase> <!-- verifyRestrictedDashboardPagesCannotOpenWithWrongRole -->
  <testcase classname="tests.SecurityTests" name="verifyRestrictedDashboardPagesCannotOpenWithWrongRole" time="89.513">
    <skipped/>
  </testcase> <!-- verifyRestrictedDashboardPagesCannotOpenWithWrongRole -->
</testsuite> <!-- tests.SecurityTests -->
