<?xml version="1.0" encoding="UTF-8"?>
<!-- Generated by org.testng.reporters.JUnitReportReporter -->
<testsuite hostname="safwan-rdp" failures="0" tests="42" name="tests.ConsumerBookDetailsTests" time="2873.888" errors="0" timestamp="2026-07-21T16:48:46 GST" skipped="2">
  <testcase classname="tests.ConsumerBookDetailsTests" name="TC284_VerifyBannerImagesAreVisibleOnDashboard" time="46.558"/>
  <testcase classname="tests.ConsumerBookDetailsTests" name="TC285_VerifyBannerImagesScrollAutomatically" time="58.588"/>
  <testcase classname="tests.ConsumerBookDetailsTests" name="TC286_VerifyUserCanManuallyScrollBanners" time="58.136"/>
  <testcase classname="tests.ConsumerBookDetailsTests" name="TC287_VerifyClickingBannerOpensCorrespondingBookDetails" time="66.577"/>
  <testcase classname="tests.ConsumerBookDetailsTests" name="TC288_VerifyCorrectBookOpensWhenBannerClicked" time="55.761"/>
  <testcase classname="tests.ConsumerBookDetailsTests" name="TC289_VerifyBookReviewsDisplayedOnBookDetailsPage" time="61.694"/>
  <testcase classname="tests.ConsumerBookDetailsTests" name="TC290_VerifyEpisodesListDisplayedOnBookDetailsPage" time="173.417"/>
  <testcase classname="tests.ConsumerBookDetailsTests" name="TC291_VerifyDurationDisplayedForEpisodesOrBook" time="67.235"/>
  <testcase classname="tests.ConsumerBookDetailsTests" name="TC292_VerifyRatingInformationDisplayedOnBookDetailsPage" time="59.231"/>
  <testcase classname="tests.ConsumerBookDetailsTests" name="TC293_VerifyUserCanAccessReportOption" time="58.464"/>
  <testcase classname="tests.ConsumerBookDetailsTests" name="TC294_VerifyAssignedCategoriesDisplayedOnBookDetailsPage" time="62.598"/>
  <testcase classname="tests.ConsumerBookDetailsTests" name="TC295_VerifyBookSummaryDisplayedOnBookDetailsPage" time="166.983"/>
  <testcase classname="tests.ConsumerBookDetailsTests" name="TC296_VerifyAvailableChaptersListedOnBookDetailsPage" time="61.080"/>
  <testcase classname="tests.ConsumerBookDetailsTests" name="TC297_VerifyBehaviorWhenNoBannersExist" time="43.102"/>
  <testcase classname="tests.ConsumerBookDetailsTests" name="TC298_VerifyBehaviorWhenNoReviewsExist" time="68.502"/>
  <testcase classname="tests.ConsumerBookDetailsTests" name="TC299_VerifyBehaviorWhenNoEpisodesExist" time="66.217"/>
  <testcase classname="tests.ConsumerBookDetailsTests" name="TC300_VerifySystemStabilityWhenBannersClickedRapidly" time="109.242"/>
  <testcase classname="tests.ConsumerBookDetailsTests" name="TC300_VerifySystemStabilityWhenBannersClickedRapidly" time="54.774">
    <skipped/>
  </testcase> <!-- TC300_VerifySystemStabilityWhenBannersClickedRapidly -->
  <testcase classname="tests.ConsumerBookDetailsTests" name="TC301_VerifyBannerLoadsCorrectlyOnSlowNetwork" time="60.399"/>
  <testcase classname="tests.ConsumerBookDetailsTests" name="TC302_VerifyScrollingWorksWithOnlyOneBanner" time="51.044"/>
  <testcase classname="tests.ConsumerBookDetailsTests" name="TC303_VerifySystemHandlesManyBannersSmoothly" time="60.428"/>
  <testcase classname="tests.ConsumerBookDetailsTests" name="TC304_VerifyBookCoverImageLoadsProperly" time="61.260"/>
  <testcase classname="tests.ConsumerBookDetailsTests" name="TC305_VerifySystemBehaviorWhenBookImageMissing" time="60.901"/>
  <testcase classname="tests.ConsumerBookDetailsTests" name="TC306_VerifyAudioStartsWhenClickingPlayAudio" time="75.182"/>
  <testcase classname="tests.ConsumerBookDetailsTests" name="TC307_VerifyUserCanPausePlayingAudio" time="81.063"/>
  <testcase classname="tests.ConsumerBookDetailsTests" name="TC308_VerifyShareButtonFunctionality" time="68.695"/>
  <testcase classname="tests.ConsumerBookDetailsTests" name="TC309_VerifyUserCanLikeABook" time="68.663"/>
  <testcase classname="tests.ConsumerBookDetailsTests" name="TC310_VerifyUserCanUnlikeABook" time="65.315"/>
  <testcase classname="tests.ConsumerBookDetailsTests" name="TC311_VerifyCategoriesAppearCorrectly" time="56.936"/>
  <testcase classname="tests.ConsumerBookDetailsTests" name="TC312_VerifyClickingCategoryNavigatesToCategoryPage" time="58.584"/>
  <testcase classname="tests.ConsumerBookDetailsTests" name="TC313_VerifySummaryContentLoads" time="65.485"/>
  <testcase classname="tests.ConsumerBookDetailsTests" name="TC314_VerifyUiWhenSummaryIsMissing" time="58.750"/>
  <testcase classname="tests.ConsumerBookDetailsTests" name="TC315_VerifyChapterListLoadsCorrectly" time="64.326"/>
  <testcase classname="tests.ConsumerBookDetailsTests" name="TC316_VerifyChapterStartsPlayingWhenClicked" time="63.247"/>
  <testcase classname="tests.ConsumerBookDetailsTests" name="TC317_VerifyUiWhenNoChaptersAvailable" time="59.584"/>
  <testcase classname="tests.ConsumerBookDetailsTests" name="TC318_VerifyChapterDurationDisplay" time="68.026"/>
  <testcase classname="tests.ConsumerBookDetailsTests" name="TC319_VerifyReportOptionWorks" time="51.263">
    <skipped/>
  </testcase> <!-- TC319_VerifyReportOptionWorks -->
  <testcase classname="tests.ConsumerBookDetailsTests" name="TC319_VerifyReportOptionWorks" time="76.391"/>
  <testcase classname="tests.ConsumerBookDetailsTests" name="TC320_VerifyDuplicateReportHandling" time="67.197"/>
  <testcase classname="tests.ConsumerBookDetailsTests" name="TC321_VerifyBackNavigationReturnsToDashboard" time="65.485"/>
  <testcase classname="tests.ConsumerBookDetailsTests" name="TC322_VerifyUiWithLongBookTitles" time="64.765"/>
  <testcase classname="tests.ConsumerBookDetailsTests" name="TC323_VerifyUiPerformanceWithManyChapters" time="62.740"/>
</testsuite> <!-- tests.ConsumerBookDetailsTests -->
