<?xml version="1.0" encoding="UTF-8"?>
<!-- Generated by org.testng.reporters.JUnitReportReporter -->
<testsuite hostname="safwan-rdp" failures="0" tests="9" name="tests.SmokeTest" time="151.352" errors="0" timestamp="2026-07-15T14:17:16 GST" skipped="0">
  <testcase classname="tests.SmokeTest" name="smokeVerifyLandingPageLoads" time="23.033"/>
  <testcase classname="tests.SmokeTest" name="smokeVerifyDashboardElements" time="16.700"/>
  <testcase classname="tests.SmokeTest" name="smokeVerifyBookDisplay" time="14.992"/>
  <testcase classname="tests.SmokeTest" name="smokeVerifyCategoriesVisible" time="16.499"/>
  <testcase classname="tests.SmokeTest" name="smokeVerifyUIInteractions" time="13.481"/>
  <testcase classname="tests.SmokeTest" name="smokeVerifyNavigation" time="13.103"/>
  <testcase classname="tests.SmokeTest" name="smokeVerifyCookieBanner" time="25.058"/>
  <testcase classname="tests.SmokeTest" name="smokeVerifyPagePerformance" time="13.289"/>
  <testcase classname="tests.SmokeTest" name="smokeComprehensiveTest" time="15.197"/>
</testsuite> <!-- tests.SmokeTest -->
