<?xml version="1.0" encoding="UTF-8"?>
<!-- Generated by org.testng.reporters.JUnitReportReporter -->
<testsuite hostname="safwan-rdp" failures="0" tests="34" name="tests.SearchTests" time="3167.286" errors="0" timestamp="2026-04-07T14:18:03 GST" skipped="0">
  <testcase classname="tests.SearchTests" name="verifySearchBookByFullName" time="106.082"/>
  <testcase classname="tests.SearchTests" name="verifySearchBookByPartialName" time="100.319"/>
  <testcase classname="tests.SearchTests" name="verifySearchByKeyword" time="84.000"/>
  <testcase classname="tests.SearchTests" name="verifySearchNonExistingBook" time="81.990"/>
  <testcase classname="tests.SearchTests" name="verifyEmptySearch" time="107.175"/>
  <testcase classname="tests.SearchTests" name="verifySearchWithSpecialCharacters" time="80.856"/>
  <testcase classname="tests.SearchTests" name="verifyNumericSearch" time="82.111"/>
  <testcase classname="tests.SearchTests" name="verifySearchWithSpaces" time="100.114"/>
  <testcase classname="tests.SearchTests" name="verifySearchIsCaseInsensitive" time="99.469"/>
  <testcase classname="tests.SearchTests" name="verifyLongTextSearch" time="85.277"/>
  <testcase classname="tests.SearchTests" name="verifyMinimumCharacterSearch" time="103.915"/>
  <testcase classname="tests.SearchTests" name="verifyMaximumCharacterLimitSearch" time="79.018"/>
  <testcase classname="tests.SearchTests" name="verifySearchBarVisibility" time="75.509"/>
  <testcase classname="tests.SearchTests" name="verifySearchIconClickTriggersSearch" time="98.120"/>
  <testcase classname="tests.SearchTests" name="verifySearchFieldProtectedFromSqlInjection" time="110.836"/>
  <testcase classname="tests.SearchTests" name="verifySearchFieldProtectedFromScriptInjection" time="84.663"/>
  <testcase classname="tests.SearchTests" name="verifySearchReturnsMultipleResultsForCommonKeyword" time="83.996"/>
  <testcase classname="tests.SearchTests" name="verifyUserCanOpenBookFromSearchResults" time="113.297"/>
  <testcase classname="tests.SearchTests" name="verifySearchResultsCountDisplayed" time="110.895"/>
  <testcase classname="tests.SearchTests" name="verifySearchAutoSuggestionsAppearWhileTyping" time="80.840"/>
  <testcase classname="tests.SearchTests" name="verifyBlankSpaceSearch" time="112.421"/>
  <testcase classname="tests.SearchTests" name="verifyUnsupportedCharactersSearch" time="112.842"/>
  <testcase classname="tests.SearchTests" name="verifyVeryLongSearchText" time="88.526"/>
  <testcase classname="tests.SearchTests" name="verifyRapidSearchQueries" time="116.015"/>
  <testcase classname="tests.SearchTests" name="verifySearchWithSpecialLanguageCharacters" time="81.895"/>
  <testcase classname="tests.SearchTests" name="verifySearchWithMixedCharacters" time="82.321"/>
  <testcase classname="tests.SearchTests" name="verifyUserCanClearSearchField" time="81.129"/>
  <testcase classname="tests.SearchTests" name="verifySearchPlaceholderTextVisible" time="76.691"/>
  <testcase classname="tests.SearchTests" name="verifySearchWorksWithEnterKey" time="100.516"/>
  <testcase classname="tests.SearchTests" name="verifySearchResponseTime" time="89.144"/>
  <testcase classname="tests.SearchTests" name="verifyLargeDataSearchPerformance" time="90.427"/>
  <testcase classname="tests.SearchTests" name="verifySearchFieldPreventsHtmlInjection" time="83.455"/>
  <testcase classname="tests.SearchTests" name="verifySearchFieldProtectedFromUrlInjection" time="83.039"/>
  <testcase classname="tests.SearchTests" name="verifySearchByAuthorName" time="100.383"/>
</testsuite> <!-- tests.SearchTests -->
