<?xml version="1.0" encoding="UTF-8"?>
<!-- Generated by org.testng.reporters.JUnitReportReporter -->
<testsuite hostname="safwan-rdp" failures="2" tests="28" name="tests.AudioPlayerTests" time="2792.769" errors="0" timestamp="2026-06-24T10:09:07 GST" skipped="7">
  <testcase classname="tests.AudioPlayerTests" name="verifyAudioStartsWhenClickingPlayButton" time="80.121"/>
  <testcase classname="tests.AudioPlayerTests" name="verifyAudioPausesWhenPauseButtonClicked" time="91.586"/>
  <testcase classname="tests.AudioPlayerTests" name="verifyAudioResumesFromPausedPosition" time="114.134">
    <failure message="TC_326: expected playback to resume from paused position. expected [true] but found [false]" type="java.lang.AssertionError">
      <![CDATA[java.lang.AssertionError: TC_326: expected playback to resume from paused position. expected [true] but found [false]
at org.testng.Assert.fail(Assert.java:111)
at org.testng.Assert.failNotEquals(Assert.java:1578)
at org.testng.Assert.assertTrue(Assert.java:57)
at tests.AudioPlayerTests.verifyAudioResumesFromPausedPosition(AudioPlayerTests.java:53)
at java.base/jdk.internal.reflect.DirectMethodHandleAccessor.invoke(DirectMethodHandleAccessor.java:103)
at java.base/java.lang.reflect.Method.invoke(Method.java:580)
at org.testng.internal.invokers.MethodInvocationHelper.invokeMethod(MethodInvocationHelper.java:139)
at org.testng.internal.invokers.TestInvoker.invokeMethod(TestInvoker.java:664)
at org.testng.internal.invokers.TestInvoker.retryFailed(TestInvoker.java:249)
at org.testng.internal.invokers.MethodRunner.runInSequence(MethodRunner.java:76)
at org.testng.internal.invokers.TestInvoker$MethodInvocationAgent.invoke(TestInvoker.java:961)
at org.testng.internal.invokers.TestInvoker.invokeTestMethods(TestInvoker.java:201)
at org.testng.internal.invokers.TestMethodWorker.invokeTestMethods(TestMethodWorker.java:148)
at org.testng.internal.invokers.TestMethodWorker.run(TestMethodWorker.java:128)
at java.base/java.util.ArrayList.forEach(ArrayList.java:1596)
at org.testng.TestRunner.privateRun(TestRunner.java:819)
at org.testng.TestRunner.run(TestRunner.java:619)
at org.testng.SuiteRunner.runTest(SuiteRunner.java:443)
at org.testng.SuiteRunner.runSequentially(SuiteRunner.java:437)
at org.testng.SuiteRunner.privateRun(SuiteRunner.java:397)
at org.testng.SuiteRunner.run(SuiteRunner.java:336)
at org.testng.SuiteRunnerWorker.runSuite(SuiteRunnerWorker.java:52)
at org.testng.SuiteRunnerWorker.run(SuiteRunnerWorker.java:95)
at org.testng.TestNG.runSuitesSequentially(TestNG.java:1301)
at org.testng.TestNG.runSuitesLocally(TestNG.java:1228)
at org.testng.TestNG.runSuites(TestNG.java:1134)
at org.testng.TestNG.run(TestNG.java:1101)
at org.testng.remote.AbstractRemoteTestNG.run(AbstractRemoteTestNG.java:115)
at org.testng.remote.RemoteTestNG.initAndRun(RemoteTestNG.java:293)
at org.testng.remote.RemoteTestNG.main(RemoteTestNG.java:91)
]]>
    </failure>
  </testcase> <!-- verifyAudioResumesFromPausedPosition -->
  <testcase classname="tests.AudioPlayerTests" name="verifyAudioResumesFromPausedPosition" time="114.767">
    <skipped/>
  </testcase> <!-- verifyAudioResumesFromPausedPosition -->
  <testcase classname="tests.AudioPlayerTests" name="verifyAudioResumesFromPausedPosition" time="125.862">
    <skipped/>
  </testcase> <!-- verifyAudioResumesFromPausedPosition -->
  <testcase classname="tests.AudioPlayerTests" name="verifyUserCanSkipForward30Seconds" time="92.650"/>
  <testcase classname="tests.AudioPlayerTests" name="verifyUserCanRewind30Seconds" time="117.639"/>
  <testcase classname="tests.AudioPlayerTests" name="verifyForwardButtonBehaviorNearAudioEnd" time="107.163"/>
  <testcase classname="tests.AudioPlayerTests" name="verifyRewindBehaviorAtAudioStart" time="97.417"/>
  <testcase classname="tests.AudioPlayerTests" name="verifyClickingNextChapterPlaysNextChapter" time="49.175">
    <skipped/>
  </testcase> <!-- verifyClickingNextChapterPlaysNextChapter -->
  <testcase classname="tests.AudioPlayerTests" name="verifyPreviousChapterNavigation" time="47.403">
    <skipped/>
  </testcase> <!-- verifyPreviousChapterNavigation -->
  <testcase classname="tests.AudioPlayerTests" name="verifyPreviousButtonBehaviorOnFirstChapter" time="50.150">
    <skipped/>
  </testcase> <!-- verifyPreviousButtonBehaviorOnFirstChapter -->
  <testcase classname="tests.AudioPlayerTests" name="verifyUserCanChangePlaybackSpeed" time="99.758"/>
  <testcase classname="tests.AudioPlayerTests" name="verifyMinimumSpeedSelection" time="90.145"/>
  <testcase classname="tests.AudioPlayerTests" name="verifyMaximumSpeedSelection" time="94.720"/>
  <testcase classname="tests.AudioPlayerTests" name="verifyVolumeSliderIncreasesAudioLevel" time="91.437"/>
  <testcase classname="tests.AudioPlayerTests" name="verifyVolumeSliderDecreasesAudioLevel" time="96.955"/>
  <testcase classname="tests.AudioPlayerTests" name="verifyUserCanMuteAudio" time="92.726"/>
  <testcase classname="tests.AudioPlayerTests" name="verifyUserCanSeekForwardViaProgressBar" time="82.530"/>
  <testcase classname="tests.AudioPlayerTests" name="verifyUserCanSeekBackwardViaProgressBar" time="96.654"/>
  <testcase classname="tests.AudioPlayerTests" name="verifySeekBehaviorWhenDraggedBeyondAudioLength" time="86.466"/>
  <testcase classname="tests.AudioPlayerTests" name="verifySubscribedUserCanListenToBook" time="78.293"/>
  <testcase classname="tests.AudioPlayerTests" name="verifySubscribedUserCanListenToMultipleBooks" time="127.717"/>
  <testcase classname="tests.AudioPlayerTests" name="verifyFreeUserCanListenToOnlyOneBook" time="98.765"/>
  <testcase classname="tests.AudioPlayerTests" name="verifyFreeUserCanOnlyListenToFirstBookFully" time="93.717"/>
  <testcase classname="tests.AudioPlayerTests" name="verifyPlaybackControlsWorkForSubscribedUsers" time="158.243">
    <skipped/>
  </testcase> <!-- verifyPlaybackControlsWorkForSubscribedUsers -->
  <testcase classname="tests.AudioPlayerTests" name="verifyPlaybackControlsWorkForSubscribedUsers" time="158.336">
    <failure message="TC_350 : expected resume to work. expected [true] but found [false]" type="java.lang.AssertionError">
      <![CDATA[java.lang.AssertionError: TC_350 : expected resume to work. expected [true] but found [false]
at org.testng.Assert.fail(Assert.java:111)
at org.testng.Assert.failNotEquals(Assert.java:1578)
at org.testng.Assert.assertTrue(Assert.java:57)
at tests.AudioPlayerTests.verifyPlaybackControlsWorkForSubscribedUsers(AudioPlayerTests.java:251)
at java.base/jdk.internal.reflect.DirectMethodHandleAccessor.invoke(DirectMethodHandleAccessor.java:103)
at java.base/java.lang.reflect.Method.invoke(Method.java:580)
at org.testng.internal.invokers.MethodInvocationHelper.invokeMethod(MethodInvocationHelper.java:139)
at org.testng.internal.invokers.TestInvoker.invokeMethod(TestInvoker.java:664)
at org.testng.internal.invokers.TestInvoker.retryFailed(TestInvoker.java:249)
at org.testng.internal.invokers.MethodRunner.runInSequence(MethodRunner.java:76)
at org.testng.internal.invokers.TestInvoker$MethodInvocationAgent.invoke(TestInvoker.java:961)
at org.testng.internal.invokers.TestInvoker.invokeTestMethods(TestInvoker.java:201)
at org.testng.internal.invokers.TestMethodWorker.invokeTestMethods(TestMethodWorker.java:148)
at org.testng.internal.invokers.TestMethodWorker.run(TestMethodWorker.java:128)
at java.base/java.util.ArrayList.forEach(ArrayList.java:1596)
at org.testng.TestRunner.privateRun(TestRunner.java:819)
at org.testng.TestRunner.run(TestRunner.java:619)
at org.testng.SuiteRunner.runTest(SuiteRunner.java:443)
at org.testng.SuiteRunner.runSequentially(SuiteRunner.java:437)
at org.testng.SuiteRunner.privateRun(SuiteRunner.java:397)
at org.testng.SuiteRunner.run(SuiteRunner.java:336)
at org.testng.SuiteRunnerWorker.runSuite(SuiteRunnerWorker.java:52)
at org.testng.SuiteRunnerWorker.run(SuiteRunnerWorker.java:95)
at org.testng.TestNG.runSuitesSequentially(TestNG.java:1301)
at org.testng.TestNG.runSuitesLocally(TestNG.java:1228)
at org.testng.TestNG.runSuites(TestNG.java:1134)
at org.testng.TestNG.run(TestNG.java:1101)
at org.testng.remote.AbstractRemoteTestNG.run(AbstractRemoteTestNG.java:115)
at org.testng.remote.RemoteTestNG.initAndRun(RemoteTestNG.java:293)
at org.testng.remote.RemoteTestNG.main(RemoteTestNG.java:91)
]]>
    </failure>
  </testcase> <!-- verifyPlaybackControlsWorkForSubscribedUsers -->
  <testcase classname="tests.AudioPlayerTests" name="verifyPlaybackControlsWorkForSubscribedUsers" time="158.240">
    <skipped/>
  </testcase> <!-- verifyPlaybackControlsWorkForSubscribedUsers -->
</testsuite> <!-- tests.AudioPlayerTests -->
