<?xml version="1.0" encoding="UTF-8"?>
<!-- Generated by org.testng.reporters.JUnitReportReporter -->
<testsuite hostname="safwan-rdp" failures="1" tests="36" name="tests.SearchTests" time="1937.569" errors="0" timestamp="2026-07-13T17:14:25 GST" skipped="2">
  <testcase classname="tests.SearchTests" name="TC229_VerifySearchByFullName" time="54.781"/>
  <testcase classname="tests.SearchTests" name="TC230_VerifySearchByPartialName" time="53.400"/>
  <testcase classname="tests.SearchTests" name="TC231_VerifySearchByKeyword" time="51.980"/>
  <testcase classname="tests.SearchTests" name="TC232_VerifySearchNonExistingBook" time="47.529"/>
  <testcase classname="tests.SearchTests" name="TC233_VerifyEmptySearch" time="57.270"/>
  <testcase classname="tests.SearchTests" name="TC234_VerifySearchWithSpecialCharacters" time="48.434"/>
  <testcase classname="tests.SearchTests" name="TC235_VerifyNumericSearch" time="48.273"/>
  <testcase classname="tests.SearchTests" name="TC236_VerifySearchWithSpaces" time="54.683"/>
  <testcase classname="tests.SearchTests" name="TC237_VerifySearchIsCaseInsensitive" time="54.857"/>
  <testcase classname="tests.SearchTests" name="TC238_VerifyLongTextSearch" time="60.396"/>
  <testcase classname="tests.SearchTests" name="TC239_VerifyMinimumCharacterSearch" time="51.934"/>
  <testcase classname="tests.SearchTests" name="TC240_VerifyMaximumCharacterLimitSearch" time="44.364"/>
  <testcase classname="tests.SearchTests" name="TC241_VerifySearchBarVisibility" time="42.005"/>
  <testcase classname="tests.SearchTests" name="TC242_VerifySearchIconClickTriggersSearch" time="51.704"/>
  <testcase classname="tests.SearchTests" name="TC243_VerifySearchFieldProtectedFromSqlInjection" time="51.669"/>
  <testcase classname="tests.SearchTests" name="TC244_VerifySearchFieldProtectedFromScriptInjection" time="51.519"/>
  <testcase classname="tests.SearchTests" name="TC245_VerifySearchReturnsMultipleResultsForCommonKeyword" time="55.764"/>
  <testcase classname="tests.SearchTests" name="TC246_VerifyUserCanOpenBookFromSearchResults" time="65.056">
    <failure message="TC_246: Clicking a search result should open the book details page expected [true] but found [false]" type="java.lang.AssertionError">
      <![CDATA[java.lang.AssertionError: TC_246: Clicking a search result should open the book details page expected [true] but found [false]
at org.testng.Assert.fail(Assert.java:111)
at org.testng.Assert.failNotEquals(Assert.java:1578)
at org.testng.Assert.assertTrue(Assert.java:57)
at tests.SearchTests.TC246_VerifyUserCanOpenBookFromSearchResults(SearchTests.java:589)
at java.base/jdk.internal.reflect.DirectMethodHandleAccessor.invoke(DirectMethodHandleAccessor.java:103)
at java.base/java.lang.reflect.Method.invoke(Method.java:580)
at org.testng.internal.invokers.MethodInvocationHelper.invokeMethod(MethodInvocationHelper.java:139)
at org.testng.internal.invokers.TestInvoker.invokeMethod(TestInvoker.java:664)
at org.testng.internal.invokers.TestInvoker.retryFailed(TestInvoker.java:249)
at org.testng.internal.invokers.MethodRunner.runInSequence(MethodRunner.java:76)
at org.testng.internal.invokers.TestInvoker$MethodInvocationAgent.invoke(TestInvoker.java:961)
at org.testng.internal.invokers.TestInvoker.invokeTestMethods(TestInvoker.java:201)
at org.testng.internal.invokers.TestMethodWorker.invokeTestMethods(TestMethodWorker.java:148)
at org.testng.internal.invokers.TestMethodWorker.run(TestMethodWorker.java:128)
at java.base/java.util.ArrayList.forEach(ArrayList.java:1596)
at org.testng.TestRunner.privateRun(TestRunner.java:819)
at org.testng.TestRunner.run(TestRunner.java:619)
at org.testng.SuiteRunner.runTest(SuiteRunner.java:443)
at org.testng.SuiteRunner.runSequentially(SuiteRunner.java:437)
at org.testng.SuiteRunner.privateRun(SuiteRunner.java:397)
at org.testng.SuiteRunner.run(SuiteRunner.java:336)
at org.testng.SuiteRunnerWorker.runSuite(SuiteRunnerWorker.java:52)
at org.testng.SuiteRunnerWorker.run(SuiteRunnerWorker.java:95)
at org.testng.TestNG.runSuitesSequentially(TestNG.java:1301)
at org.testng.TestNG.runSuitesLocally(TestNG.java:1228)
at org.testng.TestNG.runSuites(TestNG.java:1134)
at org.testng.TestNG.run(TestNG.java:1101)
at org.testng.remote.AbstractRemoteTestNG.run(AbstractRemoteTestNG.java:115)
at org.testng.remote.RemoteTestNG.initAndRun(RemoteTestNG.java:293)
at org.testng.remote.RemoteTestNG.main(RemoteTestNG.java:91)
]]>
    </failure>
  </testcase> <!-- TC246_VerifyUserCanOpenBookFromSearchResults -->
  <testcase classname="tests.SearchTests" name="TC246_VerifyUserCanOpenBookFromSearchResults" time="67.476">
    <skipped/>
  </testcase> <!-- TC246_VerifyUserCanOpenBookFromSearchResults -->
  <testcase classname="tests.SearchTests" name="TC246_VerifyUserCanOpenBookFromSearchResults" time="66.935">
    <skipped/>
  </testcase> <!-- TC246_VerifyUserCanOpenBookFromSearchResults -->
  <testcase classname="tests.SearchTests" name="TC247_VerifySearchResultsCountDisplayed" time="49.836"/>
  <testcase classname="tests.SearchTests" name="TC248_VerifySearchAutoSuggestionsAppearWhileTyping" time="43.118"/>
  <testcase classname="tests.SearchTests" name="TC249_VerifyBlankSpaceSearch" time="50.072"/>
  <testcase classname="tests.SearchTests" name="TC250_VerifyUnsupportedCharactersSearch" time="53.415"/>
  <testcase classname="tests.SearchTests" name="TC251_VerifyVeryLongSearchText" time="66.258"/>
  <testcase classname="tests.SearchTests" name="TC252_VerifyRapidSearchQueries" time="88.878"/>
  <testcase classname="tests.SearchTests" name="TC253_VerifySearchWithSpecialLanguageCharacters" time="51.372"/>
  <testcase classname="tests.SearchTests" name="TC254_VerifySearchWithMixedCharacters" time="55.755"/>
  <testcase classname="tests.SearchTests" name="TC255_VerifyUserCanClearSearchField" time="43.144"/>
  <testcase classname="tests.SearchTests" name="TC256_VerifySearchPlaceholderTextVisible" time="43.512"/>
  <testcase classname="tests.SearchTests" name="TC257_VerifySearchWorksWithEnterKey" time="53.274"/>
  <testcase classname="tests.SearchTests" name="TC258_VerifySearchResponseTime" time="56.900"/>
  <testcase classname="tests.SearchTests" name="TC259_VerifyLargeDataSearchPerformance" time="58.024"/>
  <testcase classname="tests.SearchTests" name="TC260_VerifySearchFieldPreventsHtmlInjection" time="47.591"/>
  <testcase classname="tests.SearchTests" name="TC261_VerifySearchFieldProtectedFromUrlInjection" time="42.378"/>
  <testcase classname="tests.SearchTests" name="TC262_VerifySearchByAuthorName" time="54.013"/>
</testsuite> <!-- tests.SearchTests -->
