<?xml version="1.0" encoding="UTF-8"?>
<!-- Generated by org.testng.reporters.JUnitReportReporter -->
<testsuite hostname="safwan-rdp" failures="0" tests="35" name="tests.LoginTests" time="832.984" errors="0" timestamp="2026-06-26T11:38:57 GST" skipped="1">
  <testcase classname="tests.LoginTests" name="TC101_VerifyLoginPageElementsDisplayed" time="14.473"/>
  <testcase classname="tests.LoginTests" name="TC102_VerifyPasswordFieldIsMasked" time="13.371"/>
  <testcase classname="tests.LoginTests" name="TC103_VerifyEmptyFieldsValidation" time="20.681"/>
  <testcase classname="tests.LoginTests" name="TC104_VerifyEmptyEmailValidation" time="16.778"/>
  <testcase classname="tests.LoginTests" name="TC105_VerifyEmptyPasswordValidation" time="17.544"/>
  <testcase classname="tests.LoginTests" name="TC106_VerifyInvalidPassword" time="17.156"/>
  <testcase classname="tests.LoginTests" name="TC107_VerifyUnregisteredUserCannotLogin" time="16.520"/>
  <testcase classname="tests.LoginTests" name="TC108_VerifyInvalidEmailFormat" time="35.358"/>
  <testcase classname="tests.LoginTests" name="TC109_VerifyEmailWithLeadingSpace" time="18.124"/>
  <testcase classname="tests.LoginTests" name="TC110_VerifyEmailWithTrailingSpace" time="20.816"/>
  <testcase classname="tests.LoginTests" name="TC111_VerifyUppercaseEmailLogin" time="20.327"/>
  <testcase classname="tests.LoginTests" name="TC112_VerifySqlInjectionEmailRejected" time="34.958"/>
  <testcase classname="tests.LoginTests" name="TC113_VerifyXssInjectionEmailRejected" time="32.585"/>
  <testcase classname="tests.LoginTests" name="TC114_VerifyPasswordWithSpaces" time="19.796"/>
  <testcase classname="tests.LoginTests" name="TC115_VerifyPasswordCopyPaste" time="18.622"/>
  <testcase classname="tests.LoginTests" name="TC116_VerifyLongPassword" time="34.721"/>
  <testcase classname="tests.LoginTests" name="TC117_VerifyRememberMeChecked" time="16.332"/>
  <testcase classname="tests.LoginTests" name="TC118_VerifyRememberMeUnchecked" time="14.449"/>
  <testcase classname="tests.LoginTests" name="TC119_VerifyBrowserRestart" time="51.267"/>
  <testcase classname="tests.LoginTests" name="TC120_VerifyForgotPasswordLink" time="18.097"/>
  <testcase classname="tests.LoginTests" name="TC121_VerifyResetWithValidEmail" time="17.311"/>
  <testcase classname="tests.LoginTests" name="TC122_VerifyResetWithInvalidEmail" time="18.530"/>
  <testcase classname="tests.LoginTests" name="TC123_VerifyGmailLogin" time="19.464"/>
  <testcase classname="tests.LoginTests" name="TC124_VerifyCancelGmailLogin" time="14.147">
    <skipped/>
  </testcase> <!-- TC124_VerifyCancelGmailLogin -->
  <testcase classname="tests.LoginTests" name="TC125_VerifyRegisterButton" time="20.166"/>
  <testcase classname="tests.LoginTests" name="TC126_VerifyRegisterUrlValidation" time="14.741"/>
  <testcase classname="tests.LoginTests" name="TC127_VerifySqlInjectionLogin" time="31.975"/>
  <testcase classname="tests.LoginTests" name="TC128_VerifyXssAttack" time="32.437"/>
  <testcase classname="tests.LoginTests" name="TC129_VerifyBruteForceAttempt" time="63.657"/>
  <testcase classname="tests.LoginTests" name="TC130_VerifyDoubleClickLogin" time="17.625"/>
  <testcase classname="tests.LoginTests" name="TC131_VerifySlowInternetLogin" time="19.019"/>
  <testcase classname="tests.LoginTests" name="TC132_VerifyNetworkDisconnect" time="19.193"/>
  <testcase classname="tests.LoginTests" name="TC133_VerifyBrowserRefreshDuringLogin" time="17.987"/>
  <testcase classname="tests.LoginTests" name="TC134_VerifyBrowserBackAfterLogin" time="38.687"/>
  <testcase classname="tests.LoginTests" name="TC135_VerifyValidLogin" time="36.070"/>
</testsuite> <!-- tests.LoginTests -->
