<?xml version="1.0" encoding="UTF-8"?>
<!-- Generated by org.testng.reporters.JUnitReportReporter -->
<testsuite hostname="DESKTOP-3U0K451" failures="0" tests="1" name="tests.TC_070_VerifyUserCannotActivateAnotherSubscriptionAfterDeactivation" time="61.034" errors="0" timestamp="2026-03-18T10:24:22 IST" skipped="0">
  <testcase classname="tests.TC_070_VerifyUserCannotActivateAnotherSubscriptionAfterDeactivation" name="verifyUserCannotActivateAnotherSubscriptionAfterDeactivation" time="61.034"/>
</testsuite> <!-- tests.TC_070_VerifyUserCannotActivateAnotherSubscriptionAfterDeactivation -->
