<?xml version="1.0" encoding="UTF-8"?>
<!-- Generated by org.testng.reporters.JUnitReportReporter -->
<testsuite hostname="safwan-rdp" failures="0" tests="12" name="tests.ChapterTests" time="791.596" errors="0" timestamp="2026-06-24T12:33:44 GST" skipped="0">
  <testcase classname="tests.ChapterTests" name="TC490_VerifyChapterEditScreenLoads" time="47.655"/>
  <testcase classname="tests.ChapterTests" name="TC491_VerifyChapterTitleUpdate" time="51.564"/>
  <testcase classname="tests.ChapterTests" name="TC492_VerifyChapterAudioUpdate" time="57.807"/>
  <testcase classname="tests.ChapterTests" name="TC493_VerifyInvalidChapterFileUpload" time="59.003"/>
  <testcase classname="tests.ChapterTests" name="TC494_VerifyChapterEditCancel" time="70.076"/>
  <testcase classname="tests.ChapterTests" name="TC495_VerifyChapterDeleteFunctionality" time="52.994"/>
  <testcase classname="tests.ChapterTests" name="TC496_VerifyChapterDeleteCancel" time="55.206"/>
  <testcase classname="tests.ChapterTests" name="TC497_VerifyFirstAndLastChapterDeletion" time="60.194"/>
  <testcase classname="tests.ChapterTests" name="TC498_VerifyChapterDeleteAccessControl" time="75.278"/>
  <testcase classname="tests.ChapterTests" name="TC506_VerifyDeleteChapterDuringPlayback" time="100.973"/>
  <testcase classname="tests.ChapterTests" name="TC507_VerifyEditDuringUpload" time="105.166"/>
  <testcase classname="tests.ChapterTests" name="TC508_VerifyReorderAfterDelete" time="55.680"/>
</testsuite> <!-- tests.ChapterTests -->
