<?xml version="1.0" encoding="UTF-8"?>
<!-- Generated by org.testng.reporters.JUnitReportReporter -->
<testsuite hostname="safwan-rdp" failures="0" tests="43" name="tests.ConsumerBookDetailsTests" time="4178.104" errors="0" timestamp="2026-04-07T11:12:25 GST" skipped="3">
  <testcase classname="tests.ConsumerBookDetailsTests" name="verifyBannerImagesAreVisibleOnDashboard" time="54.411"/>
  <testcase classname="tests.ConsumerBookDetailsTests" name="verifyBannerImagesScrollAutomatically" time="78.901"/>
  <testcase classname="tests.ConsumerBookDetailsTests" name="verifyUserCanManuallyScrollBanners" time="65.254">
    <skipped/>
  </testcase> <!-- verifyUserCanManuallyScrollBanners -->
  <testcase classname="tests.ConsumerBookDetailsTests" name="verifyUserCanManuallyScrollBanners" time="78.722"/>
  <testcase classname="tests.ConsumerBookDetailsTests" name="verifyClickingBannerOpensCorrespondingBookDetails" time="101.777"/>
  <testcase classname="tests.ConsumerBookDetailsTests" name="verifyCorrectBookOpensWhenBannerClicked" time="102.680"/>
  <testcase classname="tests.ConsumerBookDetailsTests" name="verifyBookReviewsDisplayedOnBookDetailsPage" time="105.627"/>
  <testcase classname="tests.ConsumerBookDetailsTests" name="verifyEpisodesListDisplayedOnBookDetailsPage" time="107.541"/>
  <testcase classname="tests.ConsumerBookDetailsTests" name="verifyDurationDisplayedForEpisodesOrBook" time="98.821"/>
  <testcase classname="tests.ConsumerBookDetailsTests" name="verifyRatingInformationDisplayedOnBookDetailsPage" time="101.905"/>
  <testcase classname="tests.ConsumerBookDetailsTests" name="verifyUserCanAccessReportOption" time="97.017"/>
  <testcase classname="tests.ConsumerBookDetailsTests" name="verifyAssignedCategoriesDisplayedOnBookDetailsPage" time="96.838"/>
  <testcase classname="tests.ConsumerBookDetailsTests" name="verifyBookSummaryDisplayedOnBookDetailsPage" time="97.435"/>
  <testcase classname="tests.ConsumerBookDetailsTests" name="verifyAvailableChaptersListedOnBookDetailsPage" time="98.175"/>
  <testcase classname="tests.ConsumerBookDetailsTests" name="verifyBehaviorWhenNoBannersExist" time="54.873"/>
  <testcase classname="tests.ConsumerBookDetailsTests" name="verifyBehaviorWhenNoReviewsExist" time="116.985"/>
  <testcase classname="tests.ConsumerBookDetailsTests" name="verifyBehaviorWhenNoEpisodesExist" time="106.993"/>
  <testcase classname="tests.ConsumerBookDetailsTests" name="verifySystemStabilityWhenBannersClickedRapidly" time="165.510"/>
  <testcase classname="tests.ConsumerBookDetailsTests" name="verifyBannerLoadsCorrectlyOnSlowNetwork" time="57.255"/>
  <testcase classname="tests.ConsumerBookDetailsTests" name="verifyScrollingWorksWithOnlyOneBanner" time="53.923"/>
  <testcase classname="tests.ConsumerBookDetailsTests" name="verifySystemHandlesManyBannersSmoothly" time="87.919">
    <skipped/>
  </testcase> <!-- verifySystemHandlesManyBannersSmoothly -->
  <testcase classname="tests.ConsumerBookDetailsTests" name="verifySystemHandlesManyBannersSmoothly" time="98.616"/>
  <testcase classname="tests.ConsumerBookDetailsTests" name="verifyBookCoverImageLoadsProperly" time="99.242"/>
  <testcase classname="tests.ConsumerBookDetailsTests" name="verifySystemBehaviorWhenBookImageMissing" time="98.769"/>
  <testcase classname="tests.ConsumerBookDetailsTests" name="verifyAudioStartsWhenClickingPlayAudio" time="132.598"/>
  <testcase classname="tests.ConsumerBookDetailsTests" name="verifyUserCanPausePlayingAudio" time="135.982"/>
  <testcase classname="tests.ConsumerBookDetailsTests" name="verifyShareButtonFunctionality" time="129.841"/>
  <testcase classname="tests.ConsumerBookDetailsTests" name="verifyUserCanLikeABook" time="106.733"/>
  <testcase classname="tests.ConsumerBookDetailsTests" name="verifyUserCanUnlikeABook" time="102.490"/>
  <testcase classname="tests.ConsumerBookDetailsTests" name="verifyCategoriesAppearCorrectly" time="64.554"/>
  <testcase classname="tests.ConsumerBookDetailsTests" name="verifyClickingCategoryNavigatesToCategoryPage" time="60.441"/>
  <testcase classname="tests.ConsumerBookDetailsTests" name="verifySummaryContentLoads" time="96.928"/>
  <testcase classname="tests.ConsumerBookDetailsTests" name="verifyUiWhenSummaryIsMissing" time="96.608"/>
  <testcase classname="tests.ConsumerBookDetailsTests" name="verifyChapterListLoadsCorrectly" time="98.135"/>
  <testcase classname="tests.ConsumerBookDetailsTests" name="verifyChapterStartsPlayingWhenClicked" time="98.539"/>
  <testcase classname="tests.ConsumerBookDetailsTests" name="verifyUiWhenNoChaptersAvailable" time="102.447"/>
  <testcase classname="tests.ConsumerBookDetailsTests" name="verifyChapterDurationDisplay" time="97.462"/>
  <testcase classname="tests.ConsumerBookDetailsTests" name="verifyReportOptionWorks" time="104.189">
    <skipped/>
  </testcase> <!-- verifyReportOptionWorks -->
  <testcase classname="tests.ConsumerBookDetailsTests" name="verifyReportOptionWorks" time="107.890"/>
  <testcase classname="tests.ConsumerBookDetailsTests" name="verifyDuplicateReportHandling" time="112.006"/>
  <testcase classname="tests.ConsumerBookDetailsTests" name="verifyBackNavigationReturnsToDashboard" time="109.461"/>
  <testcase classname="tests.ConsumerBookDetailsTests" name="verifyUiWithLongBookTitles" time="99.390"/>
  <testcase classname="tests.ConsumerBookDetailsTests" name="verifyUiPerformanceWithManyChapters" time="97.221"/>
</testsuite> <!-- tests.ConsumerBookDetailsTests -->
