<?xml version="1.0" encoding="UTF-8"?>
<!-- Generated by org.testng.reporters.JUnitReportReporter -->
<testsuite hostname="safwan-rdp" failures="0" tests="75" name="tests.RegistrationTests" time="5263.876" errors="1" timestamp="2026-07-13T15:58:55 GST" skipped="3">
  <testcase classname="tests.RegistrationTests" name="TC1_VerifyValidRegistration" time="72.346"/>
  <testcase classname="tests.RegistrationTests" name="TC2_VerifyEmptyFormValidation" time="106.445"/>
  <testcase classname="tests.RegistrationTests" name="TC3_VerifyNameValid" time="46.355"/>
  <testcase classname="tests.RegistrationTests" name="TC4_VerifyNameWithNumbers" time="69.297"/>
  <testcase classname="tests.RegistrationTests" name="TC5_VerifyNameSpecialCharacters" time="76.893"/>
  <testcase classname="tests.RegistrationTests" name="TC6_VerifyNameLeadingSpace" time="70.448"/>
  <testcase classname="tests.RegistrationTests" name="TC7_VerifyNameTrailingSpace" time="68.439"/>
  <testcase classname="tests.RegistrationTests" name="TC8_VerifyNameMultipleSpaces" time="67.041"/>
  <testcase classname="tests.RegistrationTests" name="TC9_VerifyNameUnicode" time="69.617"/>
  <testcase classname="tests.RegistrationTests" name="TC10_VerifyNameEmoji" time="82.881"/>
  <testcase classname="tests.RegistrationTests" name="TC11_VerifyNameSqlInjection" time="86.126"/>
  <testcase classname="tests.RegistrationTests" name="TC12_VerifyNameXssInjection" time="81.117"/>
  <testcase classname="tests.RegistrationTests" name="TC21_VerifyEmailValid" time="50.921"/>
  <testcase classname="tests.RegistrationTests" name="TC22_VerifyEmailMissingAt" time="80.125"/>
  <testcase classname="tests.RegistrationTests" name="TC23_VerifyEmailMissingDomain" time="78.352"/>
  <testcase classname="tests.RegistrationTests" name="TC24_VerifyEmailMultipleAt" time="80.236"/>
  <testcase classname="tests.RegistrationTests" name="TC25_VerifyEmailLeadingSpace" time="79.651"/>
  <testcase classname="tests.RegistrationTests" name="TC26_VerifyEmailTrailingSpace" time="79.183"/>
  <testcase classname="tests.RegistrationTests" name="TC27_VerifyUppercaseEmail" time="53.413"/>
  <testcase classname="tests.RegistrationTests" name="TC28_VerifyEmailWithSubdomain" time="48.799"/>
  <testcase classname="tests.RegistrationTests" name="TC29_VerifyDuplicateEmailRegistration" time="77.614"/>
  <testcase classname="tests.RegistrationTests" name="TC30_VerifyEmailSqlInjection" time="82.333"/>
  <testcase classname="tests.RegistrationTests" name="TC31_VerifyEmailXssInjection" time="77.742"/>
  <testcase classname="tests.RegistrationTests" name="TC32_VerifyPasswordValid" time="46.598"/>
  <testcase classname="tests.RegistrationTests" name="TC33_VerifyPasswordMinLength" time="76.510"/>
  <testcase classname="tests.RegistrationTests" name="TC34_VerifyPasswordMaxLength" time="78.875"/>
  <testcase classname="tests.RegistrationTests" name="TC35_VerifyPasswordOnlyNumbers" time="82.665"/>
  <testcase classname="tests.RegistrationTests" name="TC36_VerifyPasswordOnlyLetters" time="82.928"/>
  <testcase classname="tests.RegistrationTests" name="TC37_VerifyPasswordWithSpaces" time="76.271"/>
  <testcase classname="tests.RegistrationTests" name="TC38_VerifyPasswordLeadingSpace" time="80.809"/>
  <testcase classname="tests.RegistrationTests" name="TC39_VerifyPasswordTrailingSpace" time="83.349"/>
  <testcase classname="tests.RegistrationTests" name="TC40_VerifyPasswordSpecialCharacters" time="46.763"/>
  <testcase classname="tests.RegistrationTests" name="TC41_VerifyPasswordCopyPaste" time="47.200"/>
  <testcase classname="tests.RegistrationTests" name="TC42_VerifyConfirmPasswordMatch" time="64.608"/>
  <testcase classname="tests.RegistrationTests" name="TC43_VerifyConfirmPasswordMismatch" time="77.467"/>
  <testcase classname="tests.RegistrationTests" name="TC44_VerifyConfirmPasswordEmpty" time="80.956"/>
  <testcase classname="tests.RegistrationTests" name="TC45_VerifyConfirmPasswordCaseSensitivity" time="80.334"/>
  <testcase classname="tests.RegistrationTests" name="TC46_VerifyConfirmPasswordWithSpaces" time="79.892"/>
  <testcase classname="tests.RegistrationTests" name="TC52_VerifyTermsUnchecked" time="75.805"/>
  <testcase classname="tests.RegistrationTests" name="TC53_VerifyTermsChecked" time="65.984"/>
  <testcase classname="tests.RegistrationTests" name="TC54_VerifyTermsLink" time="51.591"/>
  <testcase classname="tests.RegistrationTests" name="TC55_VerifyTermsModal" time="46.882"/>
  <testcase classname="tests.RegistrationTests" name="TC56_VerifyNewsletterChecked" time="67.586"/>
  <testcase classname="tests.RegistrationTests" name="TC57_VerifyNewsletterUnchecked" time="68.724"/>
  <testcase classname="tests.RegistrationTests" name="TC58_VerifyNewsletterStorePreference" time="50.528">
    <skipped/>
  </testcase> <!-- TC58_VerifyNewsletterStorePreference -->
  <testcase classname="tests.RegistrationTests" name="TC59_VerifyDoubleClickSubmit" time="61.152"/>
  <testcase classname="tests.RegistrationTests" name="TC60_VerifyBrowserRefresh" time="53.874"/>
  <testcase classname="tests.RegistrationTests" name="TC61_VerifyBackButton" time="65.418"/>
  <testcase classname="tests.RegistrationTests" name="TC62_VerifySlowNetworkRegistration" time="71.785"/>
  <testcase classname="tests.RegistrationTests" name="TC63_VerifyNetworkDisconnect" time="66.750"/>
  <testcase classname="tests.RegistrationTests" name="TC64_VerifySessionTimeout" time="52.762"/>
  <testcase classname="tests.RegistrationTests" name="TC65_VerifyEnterKeySubmit" time="74.102"/>
  <testcase classname="tests.RegistrationTests" name="TC66_VerifyAutofillBrowser" time="53.613"/>
  <testcase classname="tests.RegistrationTests" name="TC67_VerifyIncognitoRegistration" time="83.723"/>
  <testcase classname="tests.RegistrationTests" name="TC68_VerifyMobileView" time="45.787"/>
  <testcase classname="tests.RegistrationTests" name="TC69_VerifyTabletView" time="44.962"/>
  <testcase classname="tests.RegistrationTests" name="TC70_VerifyChromeBrowserRegistration" time="87.121"/>
  <testcase classname="tests.RegistrationTests" name="TC71_VerifyFirefoxBrowserRegistration" time="93.094"/>
  <testcase classname="tests.RegistrationTests" name="TC72_VerifyEdgeBrowserRegistration" time="51.164">
    <skipped/>
  </testcase> <!-- TC72_VerifyEdgeBrowserRegistration -->
  <testcase classname="tests.RegistrationTests" name="TC72_VerifyEdgeBrowserRegistration" time="49.883">
    <error message="Failed to initialize WebDriver" type="java.lang.RuntimeException">
      <![CDATA[java.lang.RuntimeException: Failed to initialize WebDriver
at factory.DriverFactory.initDriver(DriverFactory.java:110)
at factory.DriverFactory.initDriver(DriverFactory.java:49)
at tests.RegistrationTests.TC72_VerifyEdgeBrowserRegistration(RegistrationTests.java:1868)
at java.base/jdk.internal.reflect.DirectMethodHandleAccessor.invoke(DirectMethodHandleAccessor.java:103)
at java.base/java.lang.reflect.Method.invoke(Method.java:580)
at org.testng.internal.invokers.MethodInvocationHelper.invokeMethod(MethodInvocationHelper.java:139)
at org.testng.internal.invokers.TestInvoker.invokeMethod(TestInvoker.java:664)
at org.testng.internal.invokers.TestInvoker.retryFailed(TestInvoker.java:249)
at org.testng.internal.invokers.MethodRunner.runInSequence(MethodRunner.java:76)
at org.testng.internal.invokers.TestInvoker$MethodInvocationAgent.invoke(TestInvoker.java:961)
at org.testng.internal.invokers.TestInvoker.invokeTestMethods(TestInvoker.java:201)
at org.testng.internal.invokers.TestMethodWorker.invokeTestMethods(TestMethodWorker.java:148)
at org.testng.internal.invokers.TestMethodWorker.run(TestMethodWorker.java:128)
at java.base/java.util.ArrayList.forEach(ArrayList.java:1596)
at org.testng.TestRunner.privateRun(TestRunner.java:819)
at org.testng.TestRunner.run(TestRunner.java:619)
at org.testng.SuiteRunner.runTest(SuiteRunner.java:443)
at org.testng.SuiteRunner.runSequentially(SuiteRunner.java:437)
at org.testng.SuiteRunner.privateRun(SuiteRunner.java:397)
at org.testng.SuiteRunner.run(SuiteRunner.java:336)
at org.testng.SuiteRunnerWorker.runSuite(SuiteRunnerWorker.java:52)
at org.testng.SuiteRunnerWorker.run(SuiteRunnerWorker.java:95)
at org.testng.TestNG.runSuitesSequentially(TestNG.java:1301)
at org.testng.TestNG.runSuitesLocally(TestNG.java:1228)
at org.testng.TestNG.runSuites(TestNG.java:1134)
at org.testng.TestNG.run(TestNG.java:1101)
at org.testng.remote.AbstractRemoteTestNG.run(AbstractRemoteTestNG.java:115)
at org.testng.remote.RemoteTestNG.initAndRun(RemoteTestNG.java:293)
at org.testng.remote.RemoteTestNG.main(RemoteTestNG.java:91)
Caused by: io.github.bonigarcia.wdm.config.WebDriverManagerException: io.github.bonigarcia.wdm.config.WebDriverManagerException: java.net.UnknownHostException: msedgedriver.azureedge.net
at io.github.bonigarcia.wdm.WebDriverManager.handleException(WebDriverManager.java:1414)
at io.github.bonigarcia.wdm.WebDriverManager.manage(WebDriverManager.java:1189)
at io.github.bonigarcia.wdm.WebDriverManager.fallback(WebDriverManager.java:1430)
at io.github.bonigarcia.wdm.WebDriverManager.handleException(WebDriverManager.java:1408)
at io.github.bonigarcia.wdm.WebDriverManager.manage(WebDriverManager.java:1189)
at io.github.bonigarcia.wdm.WebDriverManager.setup(WebDriverManager.java:426)
at factory.DriverFactory.initDriver(DriverFactory.java:74)
... 28 more
Caused by: io.github.bonigarcia.wdm.config.WebDriverManagerException: java.net.UnknownHostException: msedgedriver.azureedge.net
at io.github.bonigarcia.wdm.WebDriverManager.getDriversFromXml(WebDriverManager.java:1565)
at io.github.bonigarcia.wdm.managers.EdgeDriverManager.getDriverUrls(EdgeDriverManager.java:115)
at io.github.bonigarcia.wdm.WebDriverManager.createUrlHandler(WebDriverManager.java:1435)
at io.github.bonigarcia.wdm.WebDriverManager.download(WebDriverManager.java:1267)
at io.github.bonigarcia.wdm.WebDriverManager.manage(WebDriverManager.java:1183)
... 33 more
Caused by: java.net.UnknownHostException: msedgedriver.azureedge.net
at java.base/java.net.InetAddress$CachedLookup.get(InetAddress.java:988)
at java.base/java.net.InetAddress.getAllByName0(InetAddress.java:1818)
at java.base/java.net.InetAddress.getAllByName(InetAddress.java:1688)
at org.apache.hc.client5.http.SystemDefaultDnsResolver.resolve(SystemDefaultDnsResolver.java:43)
at org.apache.hc.client5.http.impl.io.DefaultHttpClientConnectionOperator.connect(DefaultHttpClientConnectionOperator.java:141)
at org.apache.hc.client5.http.impl.io.PoolingHttpClientConnectionManager.connect(PoolingHttpClientConnectionManager.java:447)
at org.apache.hc.client5.http.impl.classic.InternalExecRuntime.connectEndpoint(InternalExecRuntime.java:162)
at org.apache.hc.client5.http.impl.classic.InternalExecRuntime.connectEndpoint(InternalExecRuntime.java:172)
at org.apache.hc.client5.http.impl.classic.ConnectExec.execute(ConnectExec.java:142)
at org.apache.hc.client5.http.impl.classic.ExecChainElement.execute(ExecChainElement.java:51)
at org.apache.hc.client5.http.impl.classic.ProtocolExec.execute(ProtocolExec.java:192)
at org.apache.hc.client5.http.impl.classic.ExecChainElement.execute(ExecChainElement.java:51)
at org.apache.hc.client5.http.impl.classic.HttpRequestRetryExec.execute(HttpRequestRetryExec.java:96)
at org.apache.hc.client5.http.impl.classic.ExecChainElement.execute(ExecChainElement.java:51)
at org.apache.hc.client5.http.impl.classic.ContentCompressionExec.execute(ContentCompressionExec.java:152)
at org.apache.hc.client5.http.impl.classic.ExecChainElement.execute(ExecChainElement.java:51)
at org.apache.hc.client5.http.impl.classic.RedirectExec.execute(RedirectExec.java:115)
at org.apache.hc.client5.http.impl.classic.ExecChainElement.execute(ExecChainElement.java:51)
at org.apache.hc.client5.http.impl.classic.InternalHttpClient.doExecute(InternalHttpClient.java:170)
at org.apache.hc.client5.http.impl.classic.CloseableHttpClient.execute(CloseableHttpClient.java:87)
at org.apache.hc.client5.http.impl.classic.CloseableHttpClient.execute(CloseableHttpClient.java:55)
at org.apache.hc.client5.http.classic.HttpClient.executeOpen(HttpClient.java:183)
at io.github.bonigarcia.wdm.online.HttpClient.execute(HttpClient.java:157)
at io.github.bonigarcia.wdm.WebDriverManager.getDriversFromXml(WebDriverManager.java:1550)
... 37 more
]]>
    </error>
  </testcase> <!-- TC72_VerifyEdgeBrowserRegistration -->
  <testcase classname="tests.RegistrationTests" name="TC72_VerifyEdgeBrowserRegistration" time="48.268">
    <skipped/>
  </testcase> <!-- TC72_VerifyEdgeBrowserRegistration -->
  <testcase classname="tests.RegistrationTests" name="TC73_VerifyAccessibilityScreenReader" time="51.899"/>
  <testcase classname="tests.RegistrationTests" name="TC74_VerifyTabNavigation" time="49.800"/>
  <testcase classname="tests.RegistrationTests" name="TC75_VerifyFieldMaxLength" time="52.726"/>
  <testcase classname="tests.RegistrationTests" name="TC76_VerifyFieldMinLength" time="77.703"/>
  <testcase classname="tests.RegistrationTests" name="TC77_VerifyEmojiInputFields" time="77.995"/>
  <testcase classname="tests.RegistrationTests" name="TC78_VerifyHtmlInjection" time="78.319"/>
  <testcase classname="tests.RegistrationTests" name="TC79_VerifyRateLimiting" time="206.394"/>
  <testcase classname="tests.RegistrationTests" name="TC80_VerifyActivationEmail" time="65.825"/>
  <testcase classname="tests.RegistrationTests" name="TC81_VerifyActivationLink" time="62.024"/>
  <testcase classname="tests.RegistrationTests" name="TC82_VerifyResendActivation" time="63.025"/>
  <testcase classname="tests.RegistrationTests" name="TC83_VerifyRegisterWithCookiesCleared" time="88.361"/>
  <testcase classname="tests.RegistrationTests" name="TC84_VerifyRegisterJsDisabled" time="54.122"/>
  <testcase classname="tests.RegistrationTests" name="TC85_VerifyApiFailureHandling" time="63.469"/>
  <testcase classname="tests.RegistrationTests" name="TC86_VerifyDatabaseLatency" time="71.057"/>
</testsuite> <!-- tests.RegistrationTests -->
