<?xml version="1.0" encoding="UTF-8"?>
<!-- Generated by org.testng.reporters.JUnitReportReporter -->
<testsuite hostname="safwan-rdp" failures="0" tests="9" name="tests.MasterTest" time="568.516" errors="0" timestamp="2026-03-26T11:19:57 GST" skipped="0">
  <testcase classname="tests.MasterTest" name="runTests" time="119.660"/>
  <testcase classname="tests.MasterTest" name="runTests" time="36.899"/>
  <testcase classname="tests.MasterTest" name="runTests" time="32.068"/>
  <testcase classname="tests.MasterTest" name="runTests" time="34.076"/>
  <testcase classname="tests.MasterTest" name="runTests" time="116.686"/>
  <testcase classname="tests.MasterTest" name="runTests" time="34.278"/>
  <testcase classname="tests.MasterTest" name="runTests" time="37.295"/>
  <testcase classname="tests.MasterTest" name="runTests" time="123.180"/>
  <testcase classname="tests.MasterTest" name="runTests" time="34.374"/>
</testsuite> <!-- tests.MasterTest -->
