<?xml version="1.0" encoding="UTF-8"?>
<!-- Generated by org.testng.reporters.JUnitReportReporter -->
<testsuite hostname="safwan-rdp" failures="0" tests="15" name="tests.AudioPlayerBehaviorTests" time="1787.351" errors="0" timestamp="2026-06-23T09:03:02 GST" skipped="3">
  <testcase classname="tests.AudioPlayerBehaviorTests" name="TC532_VerifyAudioPlaybackWithoutInternet" time="204.026"/>
  <testcase classname="tests.AudioPlayerBehaviorTests" name="TC533_VerifyMultipleRapidPlayClicks" time="76.960"/>
  <testcase classname="tests.AudioPlayerBehaviorTests" name="TC534_VerifyPlaybackOnTabSwitch" time="98.575"/>
  <testcase classname="tests.AudioPlayerBehaviorTests" name="TC535_VerifyPlaybackOnBrowserMinimize" time="97.477"/>
  <testcase classname="tests.AudioPlayerBehaviorTests" name="TC536_VerifySeekBeyondDuration" time="169.509">
    <skipped/>
  </testcase> <!-- TC536_VerifySeekBeyondDuration -->
  <testcase classname="tests.AudioPlayerBehaviorTests" name="TC536_VerifySeekBeyondDuration" time="111.194">
    <skipped/>
  </testcase> <!-- TC536_VerifySeekBeyondDuration -->
  <testcase classname="tests.AudioPlayerBehaviorTests" name="TC536_VerifySeekBeyondDuration" time="100.304"/>
  <testcase classname="tests.AudioPlayerBehaviorTests" name="TC537_VerifyQuickChapterSwitching" time="182.592">
    <skipped/>
  </testcase> <!-- TC537_VerifyQuickChapterSwitching -->
  <testcase classname="tests.AudioPlayerBehaviorTests" name="TC537_VerifyQuickChapterSwitching" time="125.636"/>
  <testcase classname="tests.AudioPlayerBehaviorTests" name="TC538_VerifyPlaybackAfterRefresh" time="101.264"/>
  <testcase classname="tests.AudioPlayerBehaviorTests" name="TC539_VerifyBackNavigationDuringPlayback" time="92.203"/>
  <testcase classname="tests.AudioPlayerBehaviorTests" name="TC543_VerifyCrossBrowserPlayback" time="90.606"/>
  <testcase classname="tests.AudioPlayerBehaviorTests" name="TC544_VerifyLowBandwidthPlayback" time="105.323"/>
  <testcase classname="tests.AudioPlayerBehaviorTests" name="TC545_VerifyMultipleTabsPlaybackConflict" time="140.447"/>
  <testcase classname="tests.AudioPlayerBehaviorTests" name="TC546_VerifySessionTimeoutBehavior" time="91.235"/>
</testsuite> <!-- tests.AudioPlayerBehaviorTests -->
