<?xml version="1.0" encoding="UTF-8"?>
<!-- Generated by org.testng.reporters.JUnitReportReporter -->
<testsuite hostname="safwan-rdp" failures="0" tests="14" name="tests.AboutUsContactUsTests" time="665.277" errors="0" timestamp="2026-06-22T16:38:25 GST" skipped="1">
  <testcase classname="tests.AboutUsContactUsTests" name="TC514_VerifyAboutUsNavigation" time="42.286"/>
  <testcase classname="tests.AboutUsContactUsTests" name="TC515_VerifyAboutUsContent" time="38.611"/>
  <testcase classname="tests.AboutUsContactUsTests" name="TC516_VerifyAboutUsPageRefresh" time="42.809"/>
  <testcase classname="tests.AboutUsContactUsTests" name="TC517_VerifyAboutUsLinks" time="47.017"/>
  <testcase classname="tests.AboutUsContactUsTests" name="TC518_VerifyAboutUsGuestAccess" time="14.637"/>
  <testcase classname="tests.AboutUsContactUsTests" name="TC519_VerifyContactUsNavigation" time="44.624"/>
  <testcase classname="tests.AboutUsContactUsTests" name="TC520_VerifyContactUsFormSubmission" time="66.471"/>
  <testcase classname="tests.AboutUsContactUsTests" name="TC521_VerifyContactUsMandatoryFieldValidation" time="48.599"/>
  <testcase classname="tests.AboutUsContactUsTests" name="TC522_VerifyContactUsMaxFieldLength" time="57.682"/>
  <testcase classname="tests.AboutUsContactUsTests" name="TC523_VerifyContactUsSpecialCharactersValidation" time="59.103"/>
  <testcase classname="tests.AboutUsContactUsTests" name="TC524_VerifyContactUsNetworkFailure" time="50.011"/>
  <testcase classname="tests.AboutUsContactUsTests" name="TC525_VerifyContactUsGuestAccess" time="16.972"/>
  <testcase classname="tests.AboutUsContactUsTests" name="TC526_VerifyContactUsDocumentUpload" time="61.605"/>
  <testcase classname="tests.AboutUsContactUsTests" name="TC527_VerifyContactUsDocumentUploadWithValidFile" time="74.850">
    <skipped/>
  </testcase> <!-- TC527_VerifyContactUsDocumentUploadWithValidFile -->
</testsuite> <!-- tests.AboutUsContactUsTests -->
