<?xml version="1.0" encoding="UTF-8"?>
<!-- Generated by org.testng.reporters.JUnitReportReporter -->
<testsuite hostname="safwan-rdp" failures="1" tests="15" name="tests.ChapterTests" time="1403.066" errors="0" timestamp="2026-06-11T17:02:24 GST" skipped="3">
  <testcase classname="tests.ChapterTests" name="verifyChapterEditScreenLoads" time="72.420"/>
  <testcase classname="tests.ChapterTests" name="verifyChapterTitleUpdate" time="70.381"/>
  <testcase classname="tests.ChapterTests" name="verifyChapterAudioUpdate" time="70.369"/>
  <testcase classname="tests.ChapterTests" name="verifyInvalidChapterFileUpload" time="103.724"/>
  <testcase classname="tests.ChapterTests" name="verifyChapterEditCancel" time="91.303"/>
  <testcase classname="tests.ChapterTests" name="verifyChapterDeleteFunctionality" time="67.886"/>
  <testcase classname="tests.ChapterTests" name="verifyChapterDeleteCancel" time="104.372"/>
  <testcase classname="tests.ChapterTests" name="verifyFirstAndLastChapterDeletion" time="75.030"/>
  <testcase classname="tests.ChapterTests" name="verifyChapterDeleteAccessControl" time="95.535"/>
  <testcase classname="tests.ChapterTests" name="verifyDeleteChapterDuringPlayback" time="113.556">
    <skipped/>
  </testcase> <!-- verifyDeleteChapterDuringPlayback -->
  <testcase classname="tests.ChapterTests" name="verifyDeleteChapterDuringPlayback" time="102.866">
    <skipped/>
  </testcase> <!-- verifyDeleteChapterDuringPlayback -->
  <testcase classname="tests.ChapterTests" name="verifyDeleteChapterDuringPlayback" time="104.266">
    <failure message="TC_506: At least one chapter should exist before deleting Chapter 1 expected [true] but found [false]" type="java.lang.AssertionError">
      <![CDATA[java.lang.AssertionError: TC_506: At least one chapter should exist before deleting Chapter 1 expected [true] but found [false]
at org.testng.Assert.fail(Assert.java:111)
at org.testng.Assert.failNotEquals(Assert.java:1578)
at org.testng.Assert.assertTrue(Assert.java:57)
at tests.ChapterTests.verifyDeleteChapterDuringPlayback(ChapterTests.java:611)
at java.base/jdk.internal.reflect.DirectMethodHandleAccessor.invoke(DirectMethodHandleAccessor.java:103)
at java.base/java.lang.reflect.Method.invoke(Method.java:580)
at org.testng.internal.invokers.MethodInvocationHelper.invokeMethod(MethodInvocationHelper.java:139)
at org.testng.internal.invokers.TestInvoker.invokeMethod(TestInvoker.java:664)
at org.testng.internal.invokers.TestInvoker.retryFailed(TestInvoker.java:249)
at org.testng.internal.invokers.MethodRunner.runInSequence(MethodRunner.java:76)
at org.testng.internal.invokers.TestInvoker$MethodInvocationAgent.invoke(TestInvoker.java:961)
at org.testng.internal.invokers.TestInvoker.invokeTestMethods(TestInvoker.java:201)
at org.testng.internal.invokers.TestMethodWorker.invokeTestMethods(TestMethodWorker.java:148)
at org.testng.internal.invokers.TestMethodWorker.run(TestMethodWorker.java:128)
at java.base/java.util.ArrayList.forEach(ArrayList.java:1596)
at org.testng.TestRunner.privateRun(TestRunner.java:819)
at org.testng.TestRunner.run(TestRunner.java:619)
at org.testng.SuiteRunner.runTest(SuiteRunner.java:443)
at org.testng.SuiteRunner.runSequentially(SuiteRunner.java:437)
at org.testng.SuiteRunner.privateRun(SuiteRunner.java:397)
at org.testng.SuiteRunner.run(SuiteRunner.java:336)
at org.testng.SuiteRunnerWorker.runSuite(SuiteRunnerWorker.java:52)
at org.testng.SuiteRunnerWorker.run(SuiteRunnerWorker.java:95)
at org.testng.TestNG.runSuitesSequentially(TestNG.java:1301)
at org.testng.TestNG.runSuitesLocally(TestNG.java:1228)
at org.testng.TestNG.runSuites(TestNG.java:1134)
at org.testng.TestNG.run(TestNG.java:1101)
at org.testng.remote.AbstractRemoteTestNG.run(AbstractRemoteTestNG.java:115)
at org.testng.remote.RemoteTestNG.initAndRun(RemoteTestNG.java:293)
at org.testng.remote.RemoteTestNG.main(RemoteTestNG.java:91)
]]>
    </failure>
  </testcase> <!-- verifyDeleteChapterDuringPlayback -->
  <testcase classname="tests.ChapterTests" name="verifyEditDuringUpload" time="150.806"/>
  <testcase classname="tests.ChapterTests" name="verifyEditDuringUpload" time="117.367">
    <skipped/>
  </testcase> <!-- verifyEditDuringUpload -->
  <testcase classname="tests.ChapterTests" name="verifyReorderAfterDelete" time="63.185"/>
</testsuite> <!-- tests.ChapterTests -->
