<?xml version="1.0" encoding="UTF-8"?>
<!-- Generated by org.testng.reporters.JUnitReportReporter -->
<testsuite hostname="safwan-rdp" failures="0" tests="9" name="tests.SecurityTests" time="323.628" errors="0" timestamp="2026-07-14T16:08:30 GST" skipped="1">
  <testcase classname="tests.SecurityTests" name="TC192_VerifyDirectCategoryUrlAccessWithoutLogin" time="19.272"/>
  <testcase classname="tests.SecurityTests" name="TC196_VerifyDirectRelatedShowsUrlAccessWithoutLogin" time="22.128"/>
  <testcase classname="tests.SecurityTests" name="TC197_VerifyDirectRelatedShowDetailAccessWithoutLogin" time="13.211">
    <skipped/>
  </testcase> <!-- TC197_VerifyDirectRelatedShowDetailAccessWithoutLogin -->
  <testcase classname="tests.SecurityTests" name="TC198_VerifyDirectUpcomingUrlAccessWithoutLogin" time="16.156"/>
  <testcase classname="tests.SecurityTests" name="TC200_VerifyDirectMostRatedUrlAccessWithoutLogin" time="24.864"/>
  <testcase classname="tests.SecurityTests" name="TC202_VerifyDirectUrlAccessAfterSessionExpiry" time="51.949"/>
  <testcase classname="tests.SecurityTests" name="TC203_VerifyRestrictedDashboardPagesCannotOpenWithWrongRole" time="56.911"/>
  <testcase classname="tests.SecurityTests" name="TC378_VerifyPaymentPageHTTPS" time="56.988"/>
  <testcase classname="tests.SecurityTests" name="TC383_VerifyPaymentFlowSessionExpiry" time="62.149"/>
</testsuite> <!-- tests.SecurityTests -->
